{"/home/limitlxx/limitlxx/egyptFi/lib/auth-middleware.ts": {"path":"/home/limitlxx/limitlxx/egyptFi/lib/auth-middleware.ts","statementMap":{"0":{"start":{"line":2,"column":0},"end":{"line":2,"column":56}},"1":{"start":{"line":3,"column":0},"end":{"line":3,"column":24}},"2":{"start":{"line":23,"column":23},"end":{"line":23,"column":78}},"3":{"start":{"line":24,"column":26},"end":{"line":24,"column":35}},"4":{"start":{"line":25,"column":32},"end":{"line":25,"column":35}},"5":{"start":{"line":32,"column":4},"end":{"line":102,"column":5}},"6":{"start":{"line":33,"column":6},"end":{"line":38,"column":7}},"7":{"start":{"line":34,"column":8},"end":{"line":37,"column":10}},"8":{"start":{"line":41,"column":6},"end":{"line":46,"column":7}},"9":{"start":{"line":42,"column":8},"end":{"line":45,"column":10}},"10":{"start":{"line":48,"column":26},"end":{"line":48,"column":79}},"11":{"start":{"line":50,"column":21},"end":{"line":50,"column":41}},"12":{"start":{"line":51,"column":6},"end":{"line":95,"column":7}},"13":{"start":{"line":53,"column":23},"end":{"line":67,"column":null}},"14":{"start":{"line":70,"column":8},"end":{"line":75,"column":9}},"15":{"start":{"line":71,"column":10},"end":{"line":74,"column":12}},"16":{"start":{"line":77,"column":25},"end":{"line":77,"column":39}},"17":{"start":{"line":79,"column":8},"end":{"line":91,"column":10}},"18":{"start":{"line":94,"column":8},"end":{"line":94,"column":25}},"19":{"start":{"line":97,"column":6},"end":{"line":97,"column":56}},"20":{"start":{"line":98,"column":6},"end":{"line":101,"column":8}},"21":{"start":{"line":109,"column":16},"end":{"line":109,"column":26}},"22":{"start":{"line":110,"column":16},"end":{"line":110,"column":42}},"23":{"start":{"line":111,"column":20},"end":{"line":111,"column":43}},"24":{"start":{"line":113,"column":4},"end":{"line":120,"column":5}},"25":{"start":{"line":115,"column":6},"end":{"line":118,"column":9}},"26":{"start":{"line":119,"column":6},"end":{"line":119,"column":31}},"27":{"start":{"line":122,"column":4},"end":{"line":127,"column":5}},"28":{"start":{"line":123,"column":6},"end":{"line":126,"column":8}},"29":{"start":{"line":130,"column":4},"end":{"line":130,"column":20}},"30":{"start":{"line":131,"column":4},"end":{"line":131,"column":37}},"31":{"start":{"line":132,"column":4},"end":{"line":132,"column":29}},"32":{"start":{"line":139,"column":4},"end":{"line":189,"column":5}},"33":{"start":{"line":140,"column":21},"end":{"line":140,"column":53}},"34":{"start":{"line":142,"column":6},"end":{"line":150,"column":7}},"35":{"start":{"line":143,"column":8},"end":{"line":149,"column":10}},"36":{"start":{"line":153,"column":25},"end":{"line":153,"column":58}},"37":{"start":{"line":155,"column":6},"end":{"line":163,"column":7}},"38":{"start":{"line":156,"column":8},"end":{"line":162,"column":10}},"39":{"start":{"line":166,"column":24},"end":{"line":166,"column":75}},"40":{"start":{"line":167,"column":6},"end":{"line":176,"column":7}},"41":{"start":{"line":168,"column":8},"end":{"line":175,"column":10}},"42":{"start":{"line":178,"column":6},"end":{"line":178,"column":33}},"43":{"start":{"line":181,"column":6},"end":{"line":181,"column":63}},"44":{"start":{"line":182,"column":6},"end":{"line":188,"column":8}},"45":{"start":{"line":196,"column":4},"end":{"line":199,"column":6}},"46":{"start":{"line":27,"column":0},"end":{"line":27,"column":13}}},"fnMap":{"0":{"name":"(anonymous_8)","decl":{"start":{"line":31,"column":2},"end":{"line":31,"column":8}},"loc":{"start":{"line":31,"column":44},"end":{"line":103,"column":null}}},"1":{"name":"(anonymous_10)","decl":{"start":{"line":108,"column":2},"end":{"line":108,"column":8}},"loc":{"start":{"line":108,"column":42},"end":{"line":133,"column":3}}},"2":{"name":"(anonymous_11)","decl":{"start":{"line":138,"column":2},"end":{"line":138,"column":8}},"loc":{"start":{"line":138,"column":48},"end":{"line":190,"column":null}}},"3":{"name":"(anonymous_13)","decl":{"start":{"line":195,"column":2},"end":{"line":195,"column":8}},"loc":{"start":{"line":195,"column":44},"end":{"line":200,"column":3}}}},"branchMap":{"0":{"loc":{"start":{"line":33,"column":6},"end":{"line":38,"column":7}},"type":"if","locations":[{"start":{"line":33,"column":6},"end":{"line":38,"column":7}},{"start":{},"end":{}}]},"1":{"loc":{"start":{"line":41,"column":6},"end":{"line":46,"column":7}},"type":"if","locations":[{"start":{"line":41,"column":6},"end":{"line":46,"column":7}},{"start":{},"end":{}}]},"2":{"loc":{"start":{"line":41,"column":10},"end":{"line":41,"column":74}},"type":"binary-expr","locations":[{"start":{"line":41,"column":10},"end":{"line":41,"column":40}},{"start":{"line":41,"column":44},"end":{"line":41,"column":74}}]},"3":{"loc":{"start":{"line":48,"column":26},"end":{"line":48,"column":79}},"type":"cond-expr","locations":[{"start":{"line":48,"column":58},"end":{"line":48,"column":67}},{"start":{"line":48,"column":70},"end":{"line":48,"column":79}}]},"4":{"loc":{"start":{"line":70,"column":8},"end":{"line":75,"column":9}},"type":"if","locations":[{"start":{"line":70,"column":8},"end":{"line":75,"column":9}},{"start":{},"end":{}}]},"5":{"loc":{"start":{"line":113,"column":4},"end":{"line":120,"column":5}},"type":"if","locations":[{"start":{"line":113,"column":4},"end":{"line":120,"column":5}},{"start":{},"end":{}}]},"6":{"loc":{"start":{"line":113,"column":8},"end":{"line":113,"column":43}},"type":"binary-expr","locations":[{"start":{"line":113,"column":8},"end":{"line":113,"column":16}},{"start":{"line":113,"column":20},"end":{"line":113,"column":43}}]},"7":{"loc":{"start":{"line":122,"column":4},"end":{"line":127,"column":5}},"type":"if","locations":[{"start":{"line":122,"column":4},"end":{"line":127,"column":5}},{"start":{},"end":{}}]},"8":{"loc":{"start":{"line":142,"column":6},"end":{"line":150,"column":7}},"type":"if","locations":[{"start":{"line":142,"column":6},"end":{"line":150,"column":7}},{"start":{},"end":{}}]},"9":{"loc":{"start":{"line":155,"column":6},"end":{"line":163,"column":7}},"type":"if","locations":[{"start":{"line":155,"column":6},"end":{"line":163,"column":7}},{"start":{},"end":{}}]},"10":{"loc":{"start":{"line":155,"column":10},"end":{"line":155,"column":53}},"type":"binary-expr","locations":[{"start":{"line":155,"column":10},"end":{"line":155,"column":29}},{"start":{"line":155,"column":33},"end":{"line":155,"column":53}}]},"11":{"loc":{"start":{"line":159,"column":19},"end":{"line":159,"column":62}},"type":"binary-expr","locations":[{"start":{"line":159,"column":19},"end":{"line":159,"column":35}},{"start":{"line":159,"column":39},"end":{"line":159,"column":62}}]},"12":{"loc":{"start":{"line":167,"column":6},"end":{"line":176,"column":7}},"type":"if","locations":[{"start":{"line":167,"column":6},"end":{"line":176,"column":7}},{"start":{},"end":{}}]}},"s":{"0":0,"1":0,"2":0,"3":0,"4":0,"5":0,"6":0,"7":0,"8":0,"9":0,"10":0,"11":0,"12":0,"13":0,"14":0,"15":0,"16":0,"17":0,"18":0,"19":0,"20":0,"21":0,"22":0,"23":0,"24":0,"25":0,"26":0,"27":0,"28":0,"29":0,"30":0,"31":0,"32":0,"33":0,"34":0,"35":0,"36":0,"37":0,"38":0,"39":0,"40":0,"41":0,"42":0,"43":0,"44":0,"45":0,"46":0},"f":{"0":0,"1":0,"2":0,"3":0},"b":{"0":[0,0],"1":[0,0],"2":[0,0],"3":[0,0],"4":[0,0],"5":[0,0],"6":[0,0],"7":[0,0],"8":[0,0],"9":[0,0],"10":[0,0],"11":[0,0],"12":[0,0]}}
,"/home/limitlxx/limitlxx/egyptFi/lib/chipipay-auth.ts": {"path":"/home/limitlxx/limitlxx/egyptFi/lib/chipipay-auth.ts","statementMap":{"0":{"start":{"line":2,"column":0},"end":{"line":2,"column":31}},"1":{"start":{"line":3,"column":0},"end":{"line":3,"column":74}},"2":{"start":{"line":19,"column":19},"end":{"line":19,"column":53}},"3":{"start":{"line":20,"column":29},"end":{"line":20,"column":31}},"4":{"start":{"line":21,"column":31},"end":{"line":21,"column":44}},"5":{"start":{"line":32,"column":4},"end":{"line":34,"column":5}},"6":{"start":{"line":33,"column":6},"end":{"line":33,"column":42}},"7":{"start":{"line":35,"column":4},"end":{"line":37,"column":31}},"8":{"start":{"line":36,"column":6},"end":{"line":36,"column":34}},"9":{"start":{"line":44,"column":4},"end":{"line":47,"column":5}},"10":{"start":{"line":45,"column":6},"end":{"line":45,"column":42}},"11":{"start":{"line":46,"column":6},"end":{"line":46,"column":34}},"12":{"start":{"line":54,"column":16},"end":{"line":54,"column":26}},"13":{"start":{"line":55,"column":4},"end":{"line":59,"column":5}},"14":{"start":{"line":56,"column":6},"end":{"line":58,"column":7}},"15":{"start":{"line":57,"column":8},"end":{"line":57,"column":31}},"16":{"start":{"line":66,"column":4},"end":{"line":66,"column":42}},"17":{"start":{"line":76,"column":4},"end":{"line":133,"column":5}},"18":{"start":{"line":78,"column":24},"end":{"line":78,"column":76}},"19":{"start":{"line":79,"column":6},"end":{"line":84,"column":7}},"20":{"start":{"line":80,"column":8},"end":{"line":83,"column":10}},"21":{"start":{"line":87,"column":21},"end":{"line":87,"column":51}},"22":{"start":{"line":88,"column":6},"end":{"line":93,"column":7}},"23":{"start":{"line":89,"column":8},"end":{"line":92,"column":10}},"24":{"start":{"line":96,"column":18},"end":{"line":96,"column":47}},"25":{"start":{"line":97,"column":24},"end":{"line":97,"column":57}},"26":{"start":{"line":99,"column":22},"end":{"line":107,"column":8}},"27":{"start":{"line":111,"column":21},"end":{"line":111,"column":77}},"28":{"start":{"line":113,"column":20},"end":{"line":119,"column":8}},"29":{"start":{"line":121,"column":6},"end":{"line":125,"column":8}},"30":{"start":{"line":128,"column":6},"end":{"line":128,"column":58}},"31":{"start":{"line":129,"column":6},"end":{"line":132,"column":8}},"32":{"start":{"line":143,"column":4},"end":{"line":176,"column":5}},"33":{"start":{"line":144,"column":23},"end":{"line":144,"column":64}},"34":{"start":{"line":145,"column":21},"end":{"line":145,"column":45}},"35":{"start":{"line":148,"column":6},"end":{"line":154,"column":7}},"36":{"start":{"line":149,"column":8},"end":{"line":153,"column":10}},"37":{"start":{"line":157,"column":26},"end":{"line":157,"column":78}},"38":{"start":{"line":159,"column":6},"end":{"line":166,"column":7}},"39":{"start":{"line":161,"column":8},"end":{"line":165,"column":11}},"40":{"start":{"line":168,"column":6},"end":{"line":168,"column":25}},"41":{"start":{"line":171,"column":6},"end":{"line":171,"column":61}},"42":{"start":{"line":172,"column":6},"end":{"line":175,"column":8}},"43":{"start":{"line":186,"column":21},"end":{"line":186,"column":62}},"44":{"start":{"line":187,"column":19},"end":{"line":187,"column":43}},"45":{"start":{"line":189,"column":4},"end":{"line":191,"column":5}},"46":{"start":{"line":190,"column":6},"end":{"line":190,"column":58}},"47":{"start":{"line":194,"column":29},"end":{"line":194,"column":42}},"48":{"start":{"line":195,"column":4},"end":{"line":199,"column":5}},"49":{"start":{"line":197,"column":6},"end":{"line":197,"column":34}},"50":{"start":{"line":198,"column":6},"end":{"line":198,"column":58}},"51":{"start":{"line":201,"column":4},"end":{"line":205,"column":6}},"52":{"start":{"line":212,"column":21},"end":{"line":212,"column":62}},"53":{"start":{"line":213,"column":4},"end":{"line":213,"column":32}},"54":{"start":{"line":220,"column":4},"end":{"line":233,"column":5}},"55":{"start":{"line":221,"column":21},"end":{"line":221,"column":77}},"56":{"start":{"line":222,"column":22},"end":{"line":222,"column":47}},"57":{"start":{"line":224,"column":6},"end":{"line":227,"column":8}},"58":{"start":{"line":229,"column":6},"end":{"line":232,"column":8}},"59":{"start":{"line":240,"column":4},"end":{"line":252,"column":5}},"60":{"start":{"line":241,"column":22},"end":{"line":241,"column":39}},"61":{"start":{"line":242,"column":6},"end":{"line":246,"column":7}},"62":{"start":{"line":243,"column":8},"end":{"line":245,"column":10}},"63":{"start":{"line":247,"column":6},"end":{"line":247,"column":25}},"64":{"start":{"line":249,"column":6},"end":{"line":251,"column":8}},"65":{"start":{"line":259,"column":4},"end":{"line":259,"column":22}},"66":{"start":{"line":23,"column":0},"end":{"line":23,"column":13}},"67":{"start":{"line":24,"column":17},"end":{"line":24,"column":55}},"68":{"start":{"line":26,"column":17},"end":{"line":26,"column":63}},"69":{"start":{"line":264,"column":0},"end":{"line":266,"column":1}},"70":{"start":{"line":265,"column":2},"end":{"line":265,"column":28}}},"fnMap":{"0":{"name":"(anonymous_8)","decl":{"start":{"line":31,"column":2},"end":{"line":31,"column":8}},"loc":{"start":{"line":31,"column":19},"end":{"line":38,"column":3}}},"1":{"name":"(anonymous_9)","decl":{"start":{"line":35,"column":39},"end":{"line":35,"column":42}},"loc":{"start":{"line":35,"column":44},"end":{"line":37,"column":5}}},"2":{"name":"(anonymous_10)","decl":{"start":{"line":43,"column":2},"end":{"line":43,"column":8}},"loc":{"start":{"line":43,"column":16},"end":{"line":48,"column":3}}},"3":{"name":"(anonymous_11)","decl":{"start":{"line":53,"column":10},"end":{"line":53,"column":16}},"loc":{"start":{"line":53,"column":37},"end":{"line":60,"column":3}}},"4":{"name":"(anonymous_12)","decl":{"start":{"line":65,"column":10},"end":{"line":65,"column":16}},"loc":{"start":{"line":65,"column":83},"end":{"line":67,"column":3}}},"5":{"name":"(anonymous_13)","decl":{"start":{"line":72,"column":10},"end":{"line":72,"column":16}},"loc":{"start":{"line":74,"column":38},"end":{"line":134,"column":null}}},"6":{"name":"(anonymous_15)","decl":{"start":{"line":139,"column":2},"end":{"line":139,"column":8}},"loc":{"start":{"line":141,"column":38},"end":{"line":177,"column":null}}},"7":{"name":"(anonymous_17)","decl":{"start":{"line":182,"column":2},"end":{"line":182,"column":8}},"loc":{"start":{"line":184,"column":38},"end":{"line":206,"column":null}}},"8":{"name":"(anonymous_19)","decl":{"start":{"line":211,"column":2},"end":{"line":211,"column":8}},"loc":{"start":{"line":211,"column":79},"end":{"line":214,"column":3}}},"9":{"name":"(anonymous_20)","decl":{"start":{"line":219,"column":2},"end":{"line":219,"column":8}},"loc":{"start":{"line":219,"column":36},"end":{"line":234,"column":3}}},"10":{"name":"(anonymous_21)","decl":{"start":{"line":239,"column":2},"end":{"line":239,"column":8}},"loc":{"start":{"line":239,"column":35},"end":{"line":253,"column":3}}},"11":{"name":"(anonymous_22)","decl":{"start":{"line":258,"column":2},"end":{"line":258,"column":8}},"loc":{"start":{"line":258,"column":22},"end":{"line":260,"column":3}}}},"branchMap":{"0":{"loc":{"start":{"line":32,"column":4},"end":{"line":34,"column":5}},"type":"if","locations":[{"start":{"line":32,"column":4},"end":{"line":34,"column":5}},{"start":{},"end":{}}]},"1":{"loc":{"start":{"line":44,"column":4},"end":{"line":47,"column":5}},"type":"if","locations":[{"start":{"line":44,"column":4},"end":{"line":47,"column":5}},{"start":{},"end":{}}]},"2":{"loc":{"start":{"line":56,"column":6},"end":{"line":58,"column":7}},"type":"if","locations":[{"start":{"line":56,"column":6},"end":{"line":58,"column":7}},{"start":{},"end":{}}]},"3":{"loc":{"start":{"line":79,"column":6},"end":{"line":84,"column":7}},"type":"if","locations":[{"start":{"line":79,"column":6},"end":{"line":84,"column":7}},{"start":{},"end":{}}]},"4":{"loc":{"start":{"line":88,"column":6},"end":{"line":93,"column":7}},"type":"if","locations":[{"start":{"line":88,"column":6},"end":{"line":93,"column":7}},{"start":{},"end":{}}]},"5":{"loc":{"start":{"line":88,"column":10},"end":{"line":88,"column":41}},"type":"binary-expr","locations":[{"start":{"line":88,"column":10},"end":{"line":88,"column":17}},{"start":{"line":88,"column":21},"end":{"line":88,"column":41}}]},"6":{"loc":{"start":{"line":111,"column":21},"end":{"line":111,"column":77}},"type":"binary-expr","locations":[{"start":{"line":111,"column":21},"end":{"line":111,"column":52}},{"start":{"line":111,"column":56},"end":{"line":111,"column":77}}]},"7":{"loc":{"start":{"line":148,"column":6},"end":{"line":154,"column":7}},"type":"if","locations":[{"start":{"line":148,"column":6},"end":{"line":154,"column":7}},{"start":{},"end":{}}]},"8":{"loc":{"start":{"line":148,"column":10},"end":{"line":148,"column":49}},"type":"binary-expr","locations":[{"start":{"line":148,"column":10},"end":{"line":148,"column":16}},{"start":{"line":148,"column":20},"end":{"line":148,"column":49}}]},"9":{"loc":{"start":{"line":159,"column":6},"end":{"line":166,"column":7}},"type":"if","locations":[{"start":{"line":159,"column":6},"end":{"line":166,"column":7}},{"start":{},"end":{}}]},"10":{"loc":{"start":{"line":159,"column":10},"end":{"line":159,"column":75}},"type":"binary-expr","locations":[{"start":{"line":159,"column":10},"end":{"line":159,"column":29}},{"start":{"line":159,"column":33},"end":{"line":159,"column":50}},{"start":{"line":159,"column":54},"end":{"line":159,"column":75}}]},"11":{"loc":{"start":{"line":189,"column":4},"end":{"line":191,"column":5}},"type":"if","locations":[{"start":{"line":189,"column":4},"end":{"line":191,"column":5}},{"start":{},"end":{}}]},"12":{"loc":{"start":{"line":195,"column":4},"end":{"line":199,"column":5}},"type":"if","locations":[{"start":{"line":195,"column":4},"end":{"line":199,"column":5}},{"start":{},"end":{}}]},"13":{"loc":{"start":{"line":221,"column":21},"end":{"line":221,"column":77}},"type":"binary-expr","locations":[{"start":{"line":221,"column":21},"end":{"line":221,"column":52}},{"start":{"line":221,"column":56},"end":{"line":221,"column":77}}]},"14":{"loc":{"start":{"line":231,"column":15},"end":{"line":231,"column":81}},"type":"cond-expr","locations":[{"start":{"line":231,"column":40},"end":{"line":231,"column":53}},{"start":{"line":231,"column":56},"end":{"line":231,"column":81}}]},"15":{"loc":{"start":{"line":242,"column":6},"end":{"line":246,"column":7}},"type":"if","locations":[{"start":{"line":242,"column":6},"end":{"line":246,"column":7}},{"start":{},"end":{}}]},"16":{"loc":{"start":{"line":250,"column":15},"end":{"line":250,"column":77}},"type":"cond-expr","locations":[{"start":{"line":250,"column":40},"end":{"line":250,"column":53}},{"start":{"line":250,"column":56},"end":{"line":250,"column":77}}]},"17":{"loc":{"start":{"line":264,"column":0},"end":{"line":266,"column":1}},"type":"if","locations":[{"start":{"line":264,"column":0},"end":{"line":266,"column":1}},{"start":{},"end":{}}]}},"s":{"0":0,"1":0,"2":0,"3":0,"4":0,"5":0,"6":0,"7":0,"8":0,"9":0,"10":0,"11":0,"12":0,"13":0,"14":0,"15":0,"16":0,"17":0,"18":0,"19":0,"20":0,"21":0,"22":0,"23":0,"24":0,"25":0,"26":0,"27":0,"28":0,"29":0,"30":0,"31":0,"32":0,"33":0,"34":0,"35":0,"36":0,"37":0,"38":0,"39":0,"40":0,"41":0,"42":0,"43":0,"44":0,"45":0,"46":0,"47":0,"48":0,"49":0,"50":0,"51":0,"52":0,"53":0,"54":0,"55":0,"56":0,"57":0,"58":0,"59":0,"60":0,"61":0,"62":0,"63":0,"64":0,"65":0,"66":0,"67":0,"68":0,"69":0,"70":0},"f":{"0":0,"1":0,"2":0,"3":0,"4":0,"5":0,"6":0,"7":0,"8":0,"9":0,"10":0,"11":0},"b":{"0":[0,0],"1":[0,0],"2":[0,0],"3":[0,0],"4":[0,0],"5":[0,0],"6":[0,0],"7":[0,0],"8":[0,0],"9":[0,0],"10":[0,0,0],"11":[0,0],"12":[0,0],"13":[0,0],"14":[0,0],"15":[0,0],"16":[0,0],"17":[0,0]}}
,"/home/limitlxx/limitlxx/egyptFi/lib/wallet-crypto.ts": {"path":"/home/limitlxx/limitlxx/egyptFi/lib/wallet-crypto.ts","statementMap":{"0":{"start":{"line":2,"column":0},"end":{"line":2,"column":28}},"1":{"start":{"line":3,"column":0},"end":{"line":3,"column":24}},"2":{"start":{"line":19,"column":23},"end":{"line":19,"column":82}},"3":{"start":{"line":20,"column":28},"end":{"line":20,"column":29}},"4":{"start":{"line":21,"column":25},"end":{"line":21,"column":39}},"5":{"start":{"line":33,"column":4},"end":{"line":33,"column":48}},"6":{"start":{"line":40,"column":4},"end":{"line":40,"column":75}},"7":{"start":{"line":47,"column":4},"end":{"line":68,"column":5}},"8":{"start":{"line":48,"column":19},"end":{"line":48,"column":38}},"9":{"start":{"line":49,"column":18},"end":{"line":49,"column":43}},"10":{"start":{"line":50,"column":17},"end":{"line":50,"column":51}},"11":{"start":{"line":52,"column":21},"end":{"line":52,"column":67}},"12":{"start":{"line":54,"column":22},"end":{"line":54,"column":62}},"13":{"start":{"line":55,"column":6},"end":{"line":55,"column":39}},"14":{"start":{"line":58,"column":23},"end":{"line":62,"column":8}},"15":{"start":{"line":64,"column":6},"end":{"line":64,"column":41}},"16":{"start":{"line":66,"column":6},"end":{"line":66,"column":48}},"17":{"start":{"line":67,"column":6},"end":{"line":67,"column":55}},"18":{"start":{"line":75,"column":4},"end":{"line":100,"column":5}},"19":{"start":{"line":76,"column":23},"end":{"line":76,"column":59}},"20":{"start":{"line":79,"column":19},"end":{"line":79,"column":57}},"21":{"start":{"line":80,"column":17},"end":{"line":80,"column":87}},"22":{"start":{"line":81,"column":24},"end":{"line":81,"column":76}},"23":{"start":{"line":83,"column":18},"end":{"line":83,"column":43}},"24":{"start":{"line":85,"column":23},"end":{"line":85,"column":71}},"25":{"start":{"line":87,"column":22},"end":{"line":87,"column":67}},"26":{"start":{"line":88,"column":6},"end":{"line":88,"column":42}},"27":{"start":{"line":90,"column":6},"end":{"line":93,"column":8}},"28":{"start":{"line":95,"column":6},"end":{"line":95,"column":48}},"29":{"start":{"line":96,"column":6},"end":{"line":99,"column":8}},"30":{"start":{"line":107,"column":21},"end":{"line":107,"column":51}},"31":{"start":{"line":108,"column":4},"end":{"line":108,"column":32}},"32":{"start":{"line":108,"column":19},"end":{"line":108,"column":32}},"33":{"start":{"line":110,"column":4},"end":{"line":112,"column":5}},"34":{"start":{"line":111,"column":6},"end":{"line":111,"column":18}},"35":{"start":{"line":115,"column":4},"end":{"line":117,"column":5}},"36":{"start":{"line":116,"column":6},"end":{"line":116,"column":40}},"37":{"start":{"line":119,"column":4},"end":{"line":119,"column":17}},"38":{"start":{"line":126,"column":20},"end":{"line":126,"column":66}},"39":{"start":{"line":127,"column":4},"end":{"line":127,"column":20}},"40":{"start":{"line":129,"column":4},"end":{"line":131,"column":5}},"41":{"start":{"line":130,"column":6},"end":{"line":130,"column":59}},"42":{"start":{"line":133,"column":4},"end":{"line":133,"column":44}},"43":{"start":{"line":134,"column":4},"end":{"line":134,"column":47}},"44":{"start":{"line":141,"column":4},"end":{"line":141,"column":38}},"45":{"start":{"line":151,"column":4},"end":{"line":228,"column":5}},"46":{"start":{"line":153,"column":6},"end":{"line":162,"column":7}},"47":{"start":{"line":154,"column":25},"end":{"line":154,"column":55}},"48":{"start":{"line":155,"column":27},"end":{"line":155,"column":54}},"49":{"start":{"line":156,"column":30},"end":{"line":156,"column":78}},"50":{"start":{"line":158,"column":8},"end":{"line":161,"column":10}},"51":{"start":{"line":165,"column":6},"end":{"line":172,"column":7}},"52":{"start":{"line":166,"column":8},"end":{"line":166,"column":45}},"53":{"start":{"line":167,"column":8},"end":{"line":171,"column":10}},"54":{"start":{"line":175,"column":21},"end":{"line":175,"column":41}},"55":{"start":{"line":176,"column":6},"end":{"line":221,"column":7}},"56":{"start":{"line":177,"column":23},"end":{"line":179,"column":null}},"57":{"start":{"line":182,"column":8},"end":{"line":187,"column":9}},"58":{"start":{"line":183,"column":10},"end":{"line":186,"column":12}},"59":{"start":{"line":189,"column":36},"end":{"line":189,"column":79}},"60":{"start":{"line":190,"column":8},"end":{"line":195,"column":9}},"61":{"start":{"line":191,"column":10},"end":{"line":194,"column":12}},"62":{"start":{"line":198,"column":33},"end":{"line":198,"column":81}},"63":{"start":{"line":200,"column":8},"end":{"line":217,"column":9}},"64":{"start":{"line":202,"column":10},"end":{"line":202,"column":47}},"65":{"start":{"line":204,"column":10},"end":{"line":207,"column":12}},"66":{"start":{"line":210,"column":36},"end":{"line":210,"column":72}},"67":{"start":{"line":212,"column":10},"end":{"line":216,"column":12}},"68":{"start":{"line":220,"column":8},"end":{"line":220,"column":25}},"69":{"start":{"line":223,"column":6},"end":{"line":223,"column":52}},"70":{"start":{"line":224,"column":6},"end":{"line":227,"column":8}},"71":{"start":{"line":235,"column":21},"end":{"line":235,"column":51}},"72":{"start":{"line":236,"column":4},"end":{"line":236,"column":46}},"73":{"start":{"line":236,"column":19},"end":{"line":236,"column":46}},"74":{"start":{"line":238,"column":4},"end":{"line":238,"column":47}},"75":{"start":{"line":238,"column":38},"end":{"line":238,"column":47}},"76":{"start":{"line":240,"column":4},"end":{"line":240,"column":61}},"77":{"start":{"line":247,"column":4},"end":{"line":247,"column":40}},"78":{"start":{"line":23,"column":0},"end":{"line":23,"column":13}},"79":{"start":{"line":24,"column":26},"end":{"line":24,"column":52}},"80":{"start":{"line":25,"column":26},"end":{"line":25,"column":42}},"81":{"start":{"line":26,"column":26},"end":{"line":26,"column":41}},"82":{"start":{"line":27,"column":26},"end":{"line":27,"column":43}}},"fnMap":{"0":{"name":"(anonymous_8)","decl":{"start":{"line":32,"column":10},"end":{"line":32,"column":16}},"loc":{"start":{"line":32,"column":29},"end":{"line":34,"column":3}}},"1":{"name":"(anonymous_9)","decl":{"start":{"line":39,"column":10},"end":{"line":39,"column":16}},"loc":{"start":{"line":39,"column":52},"end":{"line":41,"column":3}}},"2":{"name":"(anonymous_10)","decl":{"start":{"line":46,"column":2},"end":{"line":46,"column":8}},"loc":{"start":{"line":46,"column":58},"end":{"line":69,"column":3}}},"3":{"name":"(anonymous_11)","decl":{"start":{"line":74,"column":2},"end":{"line":74,"column":8}},"loc":{"start":{"line":74,"column":61},"end":{"line":101,"column":3}}},"4":{"name":"(anonymous_12)","decl":{"start":{"line":106,"column":10},"end":{"line":106,"column":16}},"loc":{"start":{"line":106,"column":47},"end":{"line":120,"column":3}}},"5":{"name":"(anonymous_13)","decl":{"start":{"line":125,"column":10},"end":{"line":125,"column":16}},"loc":{"start":{"line":125,"column":55},"end":{"line":135,"column":3}}},"6":{"name":"(anonymous_14)","decl":{"start":{"line":140,"column":10},"end":{"line":140,"column":16}},"loc":{"start":{"line":140,"column":55},"end":{"line":142,"column":3}}},"7":{"name":"(anonymous_15)","decl":{"start":{"line":147,"column":2},"end":{"line":147,"column":8}},"loc":{"start":{"line":149,"column":15},"end":{"line":229,"column":null}}},"8":{"name":"(anonymous_17)","decl":{"start":{"line":234,"column":2},"end":{"line":234,"column":8}},"loc":{"start":{"line":234,"column":48},"end":{"line":241,"column":3}}},"9":{"name":"(anonymous_18)","decl":{"start":{"line":246,"column":2},"end":{"line":246,"column":8}},"loc":{"start":{"line":246,"column":43},"end":{"line":248,"column":3}}}},"branchMap":{"0":{"loc":{"start":{"line":108,"column":4},"end":{"line":108,"column":32}},"type":"if","locations":[{"start":{"line":108,"column":4},"end":{"line":108,"column":32}},{"start":{},"end":{}}]},"1":{"loc":{"start":{"line":110,"column":4},"end":{"line":112,"column":5}},"type":"if","locations":[{"start":{"line":110,"column":4},"end":{"line":112,"column":5}},{"start":{},"end":{}}]},"2":{"loc":{"start":{"line":110,"column":8},"end":{"line":110,"column":67}},"type":"binary-expr","locations":[{"start":{"line":110,"column":8},"end":{"line":110,"column":29}},{"start":{"line":110,"column":33},"end":{"line":110,"column":67}}]},"3":{"loc":{"start":{"line":115,"column":4},"end":{"line":117,"column":5}},"type":"if","locations":[{"start":{"line":115,"column":4},"end":{"line":117,"column":5}},{"start":{},"end":{}}]},"4":{"loc":{"start":{"line":115,"column":8},"end":{"line":115,"column":68}},"type":"binary-expr","locations":[{"start":{"line":115,"column":8},"end":{"line":115,"column":29}},{"start":{"line":115,"column":33},"end":{"line":115,"column":68}}]},"5":{"loc":{"start":{"line":126,"column":20},"end":{"line":126,"column":66}},"type":"binary-expr","locations":[{"start":{"line":126,"column":20},"end":{"line":126,"column":50}},{"start":{"line":126,"column":54},"end":{"line":126,"column":66}}]},"6":{"loc":{"start":{"line":129,"column":4},"end":{"line":131,"column":5}},"type":"if","locations":[{"start":{"line":129,"column":4},"end":{"line":131,"column":5}},{"start":{},"end":{}}]},"7":{"loc":{"start":{"line":153,"column":6},"end":{"line":162,"column":7}},"type":"if","locations":[{"start":{"line":153,"column":6},"end":{"line":162,"column":7}},{"start":{},"end":{}}]},"8":{"loc":{"start":{"line":155,"column":27},"end":{"line":155,"column":54}},"type":"binary-expr","locations":[{"start":{"line":155,"column":27},"end":{"line":155,"column":49}},{"start":{"line":155,"column":53},"end":{"line":155,"column":54}}]},"9":{"loc":{"start":{"line":155,"column":27},"end":{"line":155,"column":49}},"type":"cond-expr","locations":[{"start":{"line":155,"column":35},"end":{"line":155,"column":37}},{"start":{"line":155,"column":27},"end":{"line":155,"column":49}}]},"10":{"loc":{"start":{"line":155,"column":27},"end":{"line":155,"column":37}},"type":"binary-expr","locations":[{"start":{"line":155,"column":27},"end":{"line":155,"column":37}},{"start":{"line":155,"column":27},"end":{"line":155,"column":37}}]},"11":{"loc":{"start":{"line":165,"column":6},"end":{"line":172,"column":7}},"type":"if","locations":[{"start":{"line":165,"column":6},"end":{"line":172,"column":7}},{"start":{},"end":{}}]},"12":{"loc":{"start":{"line":170,"column":52},"end":{"line":170,"column":94}},"type":"binary-expr","locations":[{"start":{"line":170,"column":52},"end":{"line":170,"column":89}},{"start":{"line":170,"column":93},"end":{"line":170,"column":94}}]},"13":{"loc":{"start":{"line":170,"column":52},"end":{"line":170,"column":89}},"type":"cond-expr","locations":[{"start":{"line":170,"column":82},"end":{"line":170,"column":84}},{"start":{"line":170,"column":82},"end":{"line":170,"column":89}}]},"14":{"loc":{"start":{"line":170,"column":52},"end":{"line":170,"column":84}},"type":"binary-expr","locations":[{"start":{"line":170,"column":52},"end":{"line":170,"column":84}},{"start":{"line":170,"column":82},"end":{"line":170,"column":84}}]},"15":{"loc":{"start":{"line":182,"column":8},"end":{"line":187,"column":9}},"type":"if","locations":[{"start":{"line":182,"column":8},"end":{"line":187,"column":9}},{"start":{},"end":{}}]},"16":{"loc":{"start":{"line":190,"column":8},"end":{"line":195,"column":9}},"type":"if","locations":[{"start":{"line":190,"column":8},"end":{"line":195,"column":9}},{"start":{},"end":{}}]},"17":{"loc":{"start":{"line":200,"column":8},"end":{"line":217,"column":9}},"type":"if","locations":[{"start":{"line":200,"column":8},"end":{"line":217,"column":9}},{"start":{"line":208,"column":15},"end":{"line":217,"column":9}}]},"18":{"loc":{"start":{"line":236,"column":4},"end":{"line":236,"column":46}},"type":"if","locations":[{"start":{"line":236,"column":4},"end":{"line":236,"column":46}},{"start":{},"end":{}}]},"19":{"loc":{"start":{"line":238,"column":4},"end":{"line":238,"column":47}},"type":"if","locations":[{"start":{"line":238,"column":4},"end":{"line":238,"column":47}},{"start":{},"end":{}}]}},"s":{"0":0,"1":0,"2":0,"3":0,"4":0,"5":0,"6":0,"7":0,"8":0,"9":0,"10":0,"11":0,"12":0,"13":0,"14":0,"15":0,"16":0,"17":0,"18":0,"19":0,"20":0,"21":0,"22":0,"23":0,"24":0,"25":0,"26":0,"27":0,"28":0,"29":0,"30":0,"31":0,"32":0,"33":0,"34":0,"35":0,"36":0,"37":0,"38":0,"39":0,"40":0,"41":0,"42":0,"43":0,"44":0,"45":0,"46":0,"47":0,"48":0,"49":0,"50":0,"51":0,"52":0,"53":0,"54":0,"55":0,"56":0,"57":0,"58":0,"59":0,"60":0,"61":0,"62":0,"63":0,"64":0,"65":0,"66":0,"67":0,"68":0,"69":0,"70":0,"71":0,"72":0,"73":0,"74":0,"75":0,"76":0,"77":0,"78":0,"79":0,"80":0,"81":0,"82":0},"f":{"0":0,"1":0,"2":0,"3":0,"4":0,"5":0,"6":0,"7":0,"8":0,"9":0},"b":{"0":[0,0],"1":[0,0],"2":[0,0],"3":[0,0],"4":[0,0],"5":[0,0],"6":[0,0],"7":[0,0],"8":[0,0],"9":[0,0],"10":[0,0],"11":[0,0],"12":[0,0],"13":[0,0],"14":[0,0],"15":[0,0],"16":[0,0],"17":[0,0],"18":[0,0],"19":[0,0]}}
,"/home/limitlxx/limitlxx/egyptFi/services/WithdrawService.ts": {"path":"/home/limitlxx/limitlxx/egyptFi/services/WithdrawService.ts","statementMap":{"0":{"start":{"line":1,"column":0},"end":{"line":1,"column":47}},"1":{"start":{"line":5,"column":0},"end":{"line":5,"column":73}},"2":{"start":{"line":6,"column":0},"end":{"line":6,"column":51}},"3":{"start":{"line":20,"column":32},"end":{"line":97,"column":null}},"4":{"start":{"line":33,"column":4},"end":{"line":35,"column":5}},"5":{"start":{"line":34,"column":6},"end":{"line":34,"column":61}},"6":{"start":{"line":37,"column":22},"end":{"line":37,"column":40}},"7":{"start":{"line":38,"column":4},"end":{"line":40,"column":5}},"8":{"start":{"line":39,"column":6},"end":{"line":39,"column":66}},"9":{"start":{"line":43,"column":25},"end":{"line":43,"column":38}},"10":{"start":{"line":44,"column":28},"end":{"line":44,"column":65}},"11":{"start":{"line":45,"column":25},"end":{"line":45,"column":74}},"12":{"start":{"line":46,"column":22},"end":{"line":46,"column":64}},"13":{"start":{"line":47,"column":4},"end":{"line":49,"column":5}},"14":{"start":{"line":48,"column":6},"end":{"line":48,"column":63}},"15":{"start":{"line":51,"column":4},"end":{"line":96,"column":5}},"16":{"start":{"line":53,"column":23},"end":{"line":53,"column":46}},"17":{"start":{"line":54,"column":30},"end":{"line":54,"column":56}},"18":{"start":{"line":56,"column":6},"end":{"line":58,"column":7}},"19":{"start":{"line":57,"column":8},"end":{"line":57,"column":76}},"20":{"start":{"line":61,"column":23},"end":{"line":74,"column":null}},"21":{"start":{"line":77,"column":6},"end":{"line":80,"column":7}},"22":{"start":{"line":78,"column":26},"end":{"line":78,"column":47}},"23":{"start":{"line":79,"column":8},"end":{"line":79,"column":74}},"24":{"start":{"line":82,"column":29},"end":{"line":82,"column":50}},"25":{"start":{"line":83,"column":6},"end":{"line":92,"column":8}},"26":{"start":{"line":94,"column":6},"end":{"line":94,"column":58}},"27":{"start":{"line":95,"column":6},"end":{"line":95,"column":18}},"28":{"start":{"line":19,"column":0},"end":{"line":19,"column":13}}},"fnMap":{"0":{"name":"(anonymous_8)","decl":{"start":{"line":20,"column":2},"end":{"line":20,"column":8}},"loc":{"start":{"line":20,"column":31},"end":{"line":97,"column":null}}},"1":{"name":"(anonymous_9)","decl":{"start":{"line":20,"column":32},"end":{"line":20,"column":null}},"loc":{"start":{"line":32,"column":3},"end":{"line":97,"column":3}}}},"branchMap":{"0":{"loc":{"start":{"line":33,"column":4},"end":{"line":35,"column":5}},"type":"if","locations":[{"start":{"line":33,"column":4},"end":{"line":35,"column":5}},{"start":{},"end":{}}]},"1":{"loc":{"start":{"line":33,"column":8},"end":{"line":33,"column":31}},"type":"binary-expr","locations":[{"start":{"line":33,"column":8},"end":{"line":33,"column":14}},{"start":{"line":33,"column":18},"end":{"line":33,"column":31}}]},"2":{"loc":{"start":{"line":38,"column":4},"end":{"line":40,"column":5}},"type":"if","locations":[{"start":{"line":38,"column":4},"end":{"line":40,"column":5}},{"start":{},"end":{}}]},"3":{"loc":{"start":{"line":46,"column":22},"end":{"line":46,"column":64}},"type":"cond-expr","locations":[{"start":{"line":46,"column":44},"end":{"line":46,"column":46}},{"start":{"line":46,"column":44},"end":{"line":46,"column":64}}]},"4":{"loc":{"start":{"line":46,"column":22},"end":{"line":46,"column":46}},"type":"binary-expr","locations":[{"start":{"line":46,"column":22},"end":{"line":46,"column":46}},{"start":{"line":46,"column":44},"end":{"line":46,"column":46}}]},"5":{"loc":{"start":{"line":46,"column":22},"end":{"line":46,"column":44}},"type":"cond-expr","locations":[{"start":{"line":46,"column":34},"end":{"line":46,"column":36}},{"start":{"line":46,"column":22},"end":{"line":46,"column":44}}]},"6":{"loc":{"start":{"line":46,"column":22},"end":{"line":46,"column":36}},"type":"binary-expr","locations":[{"start":{"line":46,"column":22},"end":{"line":46,"column":36}},{"start":{"line":46,"column":22},"end":{"line":46,"column":36}}]},"7":{"loc":{"start":{"line":47,"column":4},"end":{"line":49,"column":5}},"type":"if","locations":[{"start":{"line":47,"column":4},"end":{"line":49,"column":5}},{"start":{},"end":{}}]},"8":{"loc":{"start":{"line":54,"column":30},"end":{"line":54,"column":56}},"type":"cond-expr","locations":[{"start":{"line":54,"column":38},"end":{"line":54,"column":40}},{"start":{"line":54,"column":30},"end":{"line":54,"column":56}}]},"9":{"loc":{"start":{"line":54,"column":30},"end":{"line":54,"column":40}},"type":"binary-expr","locations":[{"start":{"line":54,"column":30},"end":{"line":54,"column":40}},{"start":{"line":54,"column":30},"end":{"line":54,"column":40}}]},"10":{"loc":{"start":{"line":56,"column":6},"end":{"line":58,"column":7}},"type":"if","locations":[{"start":{"line":56,"column":6},"end":{"line":58,"column":7}},{"start":{},"end":{}}]},"11":{"loc":{"start":{"line":77,"column":6},"end":{"line":80,"column":7}},"type":"if","locations":[{"start":{"line":77,"column":6},"end":{"line":80,"column":7}},{"start":{},"end":{}}]},"12":{"loc":{"start":{"line":79,"column":24},"end":{"line":79,"column":72}},"type":"binary-expr","locations":[{"start":{"line":79,"column":24},"end":{"line":79,"column":39}},{"start":{"line":79,"column":43},"end":{"line":79,"column":72}}]}},"s":{"0":0,"1":0,"2":0,"3":0,"4":0,"5":0,"6":0,"7":0,"8":0,"9":0,"10":0,"11":0,"12":0,"13":0,"14":0,"15":0,"16":0,"17":0,"18":0,"19":0,"20":0,"21":0,"22":0,"23":0,"24":0,"25":0,"26":0,"27":0,"28":0},"f":{"0":0,"1":0},"b":{"0":[0,0],"1":[0,0],"2":[0,0],"3":[0,0],"4":[0,0],"5":[0,0],"6":[0,0],"7":[0,0],"8":[0,0],"9":[0,0],"10":[0,0],"11":[0,0],"12":[0,0]}}
,"/home/limitlxx/limitlxx/egyptFi/services/chipipayConfigService.ts": {"path":"/home/limitlxx/limitlxx/egyptFi/services/chipipayConfigService.ts","statementMap":{"0":{"start":{"line":1,"column":0},"end":{"line":1,"column":31}},"1":{"start":{"line":13,"column":10},"end":{"line":13,"column":57}},"2":{"start":{"line":16,"column":4},"end":{"line":16,"column":43}},"3":{"start":{"line":17,"column":4},"end":{"line":17,"column":57}},"4":{"start":{"line":19,"column":4},"end":{"line":21,"column":5}},"5":{"start":{"line":20,"column":6},"end":{"line":20,"column":97}},"6":{"start":{"line":28,"column":4},"end":{"line":28,"column":23}},"7":{"start":{"line":35,"column":4},"end":{"line":37,"column":5}},"8":{"start":{"line":36,"column":6},"end":{"line":36,"column":93}},"9":{"start":{"line":39,"column":4},"end":{"line":39,"column":36}},"10":{"start":{"line":48,"column":4},"end":{"line":80,"column":5}},"11":{"start":{"line":49,"column":6},"end":{"line":51,"column":7}},"12":{"start":{"line":50,"column":8},"end":{"line":50,"column":72}},"13":{"start":{"line":53,"column":24},"end":{"line":53,"column":62}},"14":{"start":{"line":54,"column":18},"end":{"line":54,"column":47}},"15":{"start":{"line":56,"column":42},"end":{"line":61,"column":8}},"16":{"start":{"line":64,"column":20},"end":{"line":68,"column":8}},"17":{"start":{"line":70,"column":6},"end":{"line":74,"column":9}},"18":{"start":{"line":76,"column":6},"end":{"line":76,"column":19}},"19":{"start":{"line":78,"column":6},"end":{"line":78,"column":62}},"20":{"start":{"line":79,"column":6},"end":{"line":79,"column":59}},"21":{"start":{"line":87,"column":44},"end":{"line":87,"column":46}},"22":{"start":{"line":90,"column":4},"end":{"line":95,"column":5}},"23":{"start":{"line":91,"column":6},"end":{"line":94,"column":9}},"24":{"start":{"line":97,"column":4},"end":{"line":102,"column":5}},"25":{"start":{"line":98,"column":6},"end":{"line":101,"column":9}},"26":{"start":{"line":104,"column":4},"end":{"line":109,"column":5}},"27":{"start":{"line":105,"column":6},"end":{"line":108,"column":9}},"28":{"start":{"line":112,"column":4},"end":{"line":117,"column":5}},"29":{"start":{"line":113,"column":6},"end":{"line":116,"column":9}},"30":{"start":{"line":119,"column":4},"end":{"line":124,"column":5}},"31":{"start":{"line":120,"column":6},"end":{"line":123,"column":9}},"32":{"start":{"line":126,"column":4},"end":{"line":131,"column":5}},"33":{"start":{"line":127,"column":6},"end":{"line":130,"column":9}},"34":{"start":{"line":134,"column":4},"end":{"line":139,"column":5}},"35":{"start":{"line":135,"column":6},"end":{"line":138,"column":9}},"36":{"start":{"line":141,"column":4},"end":{"line":146,"column":5}},"37":{"start":{"line":142,"column":6},"end":{"line":145,"column":9}},"38":{"start":{"line":148,"column":4},"end":{"line":148,"column":18}},"39":{"start":{"line":155,"column":4},"end":{"line":155,"column":46}},"40":{"start":{"line":162,"column":4},"end":{"line":176,"column":6}},"41":{"start":{"line":183,"column":4},"end":{"line":183,"column":43}},"42":{"start":{"line":184,"column":4},"end":{"line":184,"column":57}},"43":{"start":{"line":186,"column":4},"end":{"line":189,"column":7}},"44":{"start":{"line":196,"column":4},"end":{"line":212,"column":6}},"45":{"start":{"line":219,"column":4},"end":{"line":237,"column":5}},"46":{"start":{"line":220,"column":24},"end":{"line":220,"column":62}},"47":{"start":{"line":222,"column":22},"end":{"line":226,"column":30}},"48":{"start":{"line":229,"column":6},"end":{"line":231,"column":7}},"49":{"start":{"line":230,"column":8},"end":{"line":230,"column":107}},"50":{"start":{"line":233,"column":6},"end":{"line":233,"column":21}},"51":{"start":{"line":235,"column":6},"end":{"line":235,"column":50}},"52":{"start":{"line":236,"column":6},"end":{"line":236,"column":59}},"53":{"start":{"line":244,"column":4},"end":{"line":248,"column":7}},"54":{"start":{"line":255,"column":4},"end":{"line":261,"column":7}},"55":{"start":{"line":11,"column":0},"end":{"line":11,"column":13}},"56":{"start":{"line":266,"column":13},"end":{"line":266,"column":69}},"57":{"start":{"line":269,"column":0},"end":{"line":272,"column":1}},"58":{"start":{"line":270,"column":2},"end":{"line":270,"column":106}},"59":{"start":{"line":271,"column":2},"end":{"line":271,"column":107}}},"fnMap":{"0":{"name":"(anonymous_8)","decl":{"start":{"line":15,"column":2},"end":{"line":15,"column":null}},"loc":{"start":{"line":15,"column":2},"end":{"line":22,"column":3}}},"1":{"name":"(anonymous_9)","decl":{"start":{"line":27,"column":2},"end":{"line":27,"column":11}},"loc":{"start":{"line":27,"column":11},"end":{"line":29,"column":3}}},"2":{"name":"(anonymous_10)","decl":{"start":{"line":34,"column":2},"end":{"line":34,"column":22}},"loc":{"start":{"line":34,"column":57},"end":{"line":40,"column":3}}},"3":{"name":"(anonymous_11)","decl":{"start":{"line":47,"column":8},"end":{"line":47,"column":27}},"loc":{"start":{"line":47,"column":82},"end":{"line":81,"column":null}}},"4":{"name":"(anonymous_13)","decl":{"start":{"line":86,"column":2},"end":{"line":86,"column":23}},"loc":{"start":{"line":86,"column":23},"end":{"line":149,"column":3}}},"5":{"name":"(anonymous_14)","decl":{"start":{"line":154,"column":2},"end":{"line":154,"column":22}},"loc":{"start":{"line":154,"column":22},"end":{"line":156,"column":3}}},"6":{"name":"(anonymous_15)","decl":{"start":{"line":161,"column":10},"end":{"line":161,"column":27}},"loc":{"start":{"line":161,"column":27},"end":{"line":177,"column":3}}},"7":{"name":"(anonymous_16)","decl":{"start":{"line":182,"column":2},"end":{"line":182,"column":21}},"loc":{"start":{"line":182,"column":21},"end":{"line":190,"column":3}}},"8":{"name":"(anonymous_17)","decl":{"start":{"line":195,"column":2},"end":{"line":195,"column":25}},"loc":{"start":{"line":195,"column":25},"end":{"line":213,"column":3}}},"9":{"name":"(anonymous_18)","decl":{"start":{"line":218,"column":8},"end":{"line":218,"column":27}},"loc":{"start":{"line":218,"column":77},"end":{"line":238,"column":null}}},"10":{"name":"(anonymous_20)","decl":{"start":{"line":243,"column":10},"end":{"line":243,"column":22}},"loc":{"start":{"line":243,"column":51},"end":{"line":249,"column":3}}},"11":{"name":"(anonymous_21)","decl":{"start":{"line":254,"column":10},"end":{"line":254,"column":18}},"loc":{"start":{"line":254,"column":66},"end":{"line":262,"column":3}}}},"branchMap":{"0":{"loc":{"start":{"line":19,"column":4},"end":{"line":21,"column":5}},"type":"if","locations":[{"start":{"line":19,"column":4},"end":{"line":21,"column":5}},{"start":{},"end":{}}]},"1":{"loc":{"start":{"line":35,"column":4},"end":{"line":37,"column":5}},"type":"if","locations":[{"start":{"line":35,"column":4},"end":{"line":37,"column":5}},{"start":{},"end":{}}]},"2":{"loc":{"start":{"line":35,"column":8},"end":{"line":35,"column":62}},"type":"binary-expr","locations":[{"start":{"line":35,"column":8},"end":{"line":35,"column":33}},{"start":{"line":35,"column":37},"end":{"line":35,"column":62}}]},"3":{"loc":{"start":{"line":49,"column":6},"end":{"line":51,"column":7}},"type":"if","locations":[{"start":{"line":49,"column":6},"end":{"line":51,"column":7}},{"start":{},"end":{}}]},"4":{"loc":{"start":{"line":90,"column":4},"end":{"line":95,"column":5}},"type":"if","locations":[{"start":{"line":90,"column":4},"end":{"line":95,"column":5}},{"start":{},"end":{}}]},"5":{"loc":{"start":{"line":97,"column":4},"end":{"line":102,"column":5}},"type":"if","locations":[{"start":{"line":97,"column":4},"end":{"line":102,"column":5}},{"start":{},"end":{}}]},"6":{"loc":{"start":{"line":104,"column":4},"end":{"line":109,"column":5}},"type":"if","locations":[{"start":{"line":104,"column":4},"end":{"line":109,"column":5}},{"start":{},"end":{}}]},"7":{"loc":{"start":{"line":112,"column":4},"end":{"line":117,"column":5}},"type":"if","locations":[{"start":{"line":112,"column":4},"end":{"line":117,"column":5}},{"start":{},"end":{}}]},"8":{"loc":{"start":{"line":119,"column":4},"end":{"line":124,"column":5}},"type":"if","locations":[{"start":{"line":119,"column":4},"end":{"line":124,"column":5}},{"start":{},"end":{}}]},"9":{"loc":{"start":{"line":126,"column":4},"end":{"line":131,"column":5}},"type":"if","locations":[{"start":{"line":126,"column":4},"end":{"line":131,"column":5}},{"start":{},"end":{}}]},"10":{"loc":{"start":{"line":134,"column":4},"end":{"line":139,"column":5}},"type":"if","locations":[{"start":{"line":134,"column":4},"end":{"line":139,"column":5}},{"start":{},"end":{}}]},"11":{"loc":{"start":{"line":141,"column":4},"end":{"line":146,"column":5}},"type":"if","locations":[{"start":{"line":141,"column":4},"end":{"line":146,"column":5}},{"start":{},"end":{}}]},"12":{"loc":{"start":{"line":164,"column":22},"end":{"line":164,"column":96}},"type":"binary-expr","locations":[{"start":{"line":164,"column":22},"end":{"line":164,"column":58}},{"start":{"line":164,"column":62},"end":{"line":164,"column":90}},{"start":{"line":164,"column":94},"end":{"line":164,"column":96}}]},"13":{"loc":{"start":{"line":165,"column":22},"end":{"line":165,"column":96}},"type":"binary-expr","locations":[{"start":{"line":165,"column":22},"end":{"line":165,"column":58}},{"start":{"line":165,"column":62},"end":{"line":165,"column":90}},{"start":{"line":165,"column":94},"end":{"line":165,"column":96}}]},"14":{"loc":{"start":{"line":166,"column":16},"end":{"line":166,"column":93}},"type":"binary-expr","locations":[{"start":{"line":166,"column":16},"end":{"line":166,"column":52}},{"start":{"line":166,"column":56},"end":{"line":166,"column":87}},{"start":{"line":166,"column":91},"end":{"line":166,"column":93}}]},"15":{"loc":{"start":{"line":169,"column":22},"end":{"line":169,"column":96}},"type":"binary-expr","locations":[{"start":{"line":169,"column":22},"end":{"line":169,"column":58}},{"start":{"line":169,"column":62},"end":{"line":169,"column":90}},{"start":{"line":169,"column":94},"end":{"line":169,"column":96}}]},"16":{"loc":{"start":{"line":170,"column":22},"end":{"line":170,"column":96}},"type":"binary-expr","locations":[{"start":{"line":170,"column":22},"end":{"line":170,"column":58}},{"start":{"line":170,"column":62},"end":{"line":170,"column":90}},{"start":{"line":170,"column":94},"end":{"line":170,"column":96}}]},"17":{"loc":{"start":{"line":171,"column":16},"end":{"line":171,"column":90}},"type":"binary-expr","locations":[{"start":{"line":171,"column":16},"end":{"line":171,"column":52}},{"start":{"line":171,"column":56},"end":{"line":171,"column":84}},{"start":{"line":171,"column":88},"end":{"line":171,"column":90}}]},"18":{"loc":{"start":{"line":173,"column":18},"end":{"line":173,"column":75}},"type":"binary-expr","locations":[{"start":{"line":173,"column":18},"end":{"line":173,"column":42}},{"start":{"line":173,"column":46},"end":{"line":173,"column":75}}]},"19":{"loc":{"start":{"line":174,"column":20},"end":{"line":174,"column":60}},"type":"binary-expr","locations":[{"start":{"line":174,"column":20},"end":{"line":174,"column":54}},{"start":{"line":174,"column":58},"end":{"line":174,"column":60}}]},"20":{"loc":{"start":{"line":175,"column":31},"end":{"line":175,"column":70}},"type":"binary-expr","locations":[{"start":{"line":175,"column":31},"end":{"line":175,"column":59}},{"start":{"line":175,"column":63},"end":{"line":175,"column":70}}]},"21":{"loc":{"start":{"line":198,"column":20},"end":{"line":198,"column":77}},"type":"cond-expr","locations":[{"start":{"line":198,"column":47},"end":{"line":198,"column":65}},{"start":{"line":198,"column":68},"end":{"line":198,"column":77}}]},"22":{"loc":{"start":{"line":201,"column":22},"end":{"line":201,"column":87}},"type":"cond-expr","locations":[{"start":{"line":201,"column":57},"end":{"line":201,"column":75}},{"start":{"line":201,"column":78},"end":{"line":201,"column":87}}]},"23":{"loc":{"start":{"line":202,"column":22},"end":{"line":202,"column":87}},"type":"cond-expr","locations":[{"start":{"line":202,"column":57},"end":{"line":202,"column":75}},{"start":{"line":202,"column":78},"end":{"line":202,"column":87}}]},"24":{"loc":{"start":{"line":203,"column":16},"end":{"line":203,"column":55}},"type":"binary-expr","locations":[{"start":{"line":203,"column":16},"end":{"line":203,"column":42}},{"start":{"line":203,"column":46},"end":{"line":203,"column":55}}]},"25":{"loc":{"start":{"line":206,"column":22},"end":{"line":206,"column":87}},"type":"cond-expr","locations":[{"start":{"line":206,"column":57},"end":{"line":206,"column":75}},{"start":{"line":206,"column":78},"end":{"line":206,"column":87}}]},"26":{"loc":{"start":{"line":207,"column":22},"end":{"line":207,"column":87}},"type":"cond-expr","locations":[{"start":{"line":207,"column":57},"end":{"line":207,"column":75}},{"start":{"line":207,"column":78},"end":{"line":207,"column":87}}]},"27":{"loc":{"start":{"line":208,"column":16},"end":{"line":208,"column":55}},"type":"binary-expr","locations":[{"start":{"line":208,"column":16},"end":{"line":208,"column":42}},{"start":{"line":208,"column":46},"end":{"line":208,"column":55}}]},"28":{"loc":{"start":{"line":229,"column":6},"end":{"line":231,"column":7}},"type":"if","locations":[{"start":{"line":229,"column":6},"end":{"line":231,"column":7}},{"start":{},"end":{}}]},"29":{"loc":{"start":{"line":269,"column":0},"end":{"line":272,"column":1}},"type":"if","locations":[{"start":{"line":269,"column":0},"end":{"line":272,"column":1}},{"start":{},"end":{}}]}},"s":{"0":0,"1":0,"2":0,"3":0,"4":0,"5":0,"6":0,"7":0,"8":0,"9":0,"10":0,"11":0,"12":0,"13":0,"14":0,"15":0,"16":0,"17":0,"18":0,"19":0,"20":0,"21":0,"22":0,"23":0,"24":0,"25":0,"26":0,"27":0,"28":0,"29":0,"30":0,"31":0,"32":0,"33":0,"34":0,"35":0,"36":0,"37":0,"38":0,"39":0,"40":0,"41":0,"42":0,"43":0,"44":0,"45":0,"46":0,"47":0,"48":0,"49":0,"50":0,"51":0,"52":0,"53":0,"54":0,"55":0,"56":0,"57":0,"58":0,"59":0},"f":{"0":0,"1":0,"2":0,"3":0,"4":0,"5":0,"6":0,"7":0,"8":0,"9":0,"10":0,"11":0},"b":{"0":[0,0],"1":[0,0],"2":[0,0],"3":[0,0],"4":[0,0],"5":[0,0],"6":[0,0],"7":[0,0],"8":[0,0],"9":[0,0],"10":[0,0],"11":[0,0],"12":[0,0,0],"13":[0,0,0],"14":[0,0,0],"15":[0,0,0],"16":[0,0,0],"17":[0,0,0],"18":[0,0],"19":[0,0],"20":[0,0],"21":[0,0],"22":[0,0],"23":[0,0],"24":[0,0],"25":[0,0],"26":[0,0],"27":[0,0],"28":[0,0],"29":[0,0]}}
,"/home/limitlxx/limitlxx/egyptFi/services/invoiceService.ts": {"path":"/home/limitlxx/limitlxx/egyptFi/services/invoiceService.ts","statementMap":{"0":{"start":{"line":1,"column":0},"end":{"line":1,"column":47}},"1":{"start":{"line":25,"column":21},"end":{"line":25,"column":90}},"2":{"start":{"line":27,"column":4},"end":{"line":29,"column":5}},"3":{"start":{"line":28,"column":6},"end":{"line":28,"column":74}},"4":{"start":{"line":31,"column":4},"end":{"line":31,"column":27}},"5":{"start":{"line":35,"column":21},"end":{"line":39,"column":6}},"6":{"start":{"line":41,"column":4},"end":{"line":43,"column":5}},"7":{"start":{"line":42,"column":6},"end":{"line":42,"column":74}},"8":{"start":{"line":45,"column":24},"end":{"line":45,"column":45}},"9":{"start":{"line":46,"column":4},"end":{"line":46,"column":19}},"10":{"start":{"line":50,"column":21},"end":{"line":54,"column":6}},"11":{"start":{"line":56,"column":4},"end":{"line":58,"column":5}},"12":{"start":{"line":57,"column":6},"end":{"line":57,"column":74}},"13":{"start":{"line":60,"column":24},"end":{"line":60,"column":45}},"14":{"start":{"line":61,"column":4},"end":{"line":61,"column":19}},"15":{"start":{"line":23,"column":0},"end":{"line":23,"column":13}}},"fnMap":{"0":{"name":"(anonymous_7)","decl":{"start":{"line":24,"column":2},"end":{"line":24,"column":8}},"loc":{"start":{"line":24,"column":26},"end":{"line":32,"column":null}}},"1":{"name":"(anonymous_9)","decl":{"start":{"line":34,"column":2},"end":{"line":34,"column":8}},"loc":{"start":{"line":34,"column":58},"end":{"line":47,"column":null}}},"2":{"name":"(anonymous_11)","decl":{"start":{"line":49,"column":2},"end":{"line":49,"column":8}},"loc":{"start":{"line":49,"column":73},"end":{"line":62,"column":null}}}},"branchMap":{"0":{"loc":{"start":{"line":27,"column":4},"end":{"line":29,"column":5}},"type":"if","locations":[{"start":{"line":27,"column":4},"end":{"line":29,"column":5}},{"start":{},"end":{}}]},"1":{"loc":{"start":{"line":41,"column":4},"end":{"line":43,"column":5}},"type":"if","locations":[{"start":{"line":41,"column":4},"end":{"line":43,"column":5}},{"start":{},"end":{}}]},"2":{"loc":{"start":{"line":56,"column":4},"end":{"line":58,"column":5}},"type":"if","locations":[{"start":{"line":56,"column":4},"end":{"line":58,"column":5}},{"start":{},"end":{}}]}},"s":{"0":0,"1":0,"2":0,"3":0,"4":0,"5":0,"6":0,"7":0,"8":0,"9":0,"10":0,"11":0,"12":0,"13":0,"14":0,"15":0},"f":{"0":0,"1":0,"2":0},"b":{"0":[0,0],"1":[0,0],"2":[0,0]}}
,"/home/limitlxx/limitlxx/egyptFi/services/merchantRegistrationService.ts": {"path":"/home/limitlxx/limitlxx/egyptFi/services/merchantRegistrationService.ts","statementMap":{"0":{"start":{"line":2,"column":0},"end":{"line":2,"column":72}},"1":{"start":{"line":3,"column":0},"end":{"line":3,"column":64}},"2":{"start":{"line":49,"column":4},"end":{"line":63,"column":5}},"3":{"start":{"line":50,"column":25},"end":{"line":50,"column":70}},"4":{"start":{"line":51,"column":26},"end":{"line":51,"column":69}},"5":{"start":{"line":52,"column":32},"end":{"line":52,"column":45}},"6":{"start":{"line":53,"column":28},"end":{"line":53,"column":30}},"7":{"start":{"line":55,"column":6},"end":{"line":60,"column":8}},"8":{"start":{"line":62,"column":6},"end":{"line":62,"column":118}},"9":{"start":{"line":68,"column":4},"end":{"line":101,"column":5}},"10":{"start":{"line":69,"column":6},"end":{"line":69,"column":69}},"11":{"start":{"line":71,"column":23},"end":{"line":77,"column":8}},"12":{"start":{"line":79,"column":19},"end":{"line":79,"column":40}},"13":{"start":{"line":81,"column":6},"end":{"line":94,"column":7}},"14":{"start":{"line":82,"column":8},"end":{"line":82,"column":63}},"15":{"start":{"line":83,"column":8},"end":{"line":88,"column":10}},"16":{"start":{"line":90,"column":8},"end":{"line":93,"column":10}},"17":{"start":{"line":96,"column":6},"end":{"line":96,"column":59}},"18":{"start":{"line":97,"column":6},"end":{"line":100,"column":8}},"19":{"start":{"line":106,"column":4},"end":{"line":139,"column":null}},"20":{"start":{"line":111,"column":28},"end":{"line":111,"column":65}},"21":{"start":{"line":113,"column":4},"end":{"line":135,"column":5}},"22":{"start":{"line":113,"column":17},"end":{"line":113,"column":18}},"23":{"start":{"line":114,"column":6},"end":{"line":134,"column":7}},"24":{"start":{"line":115,"column":8},"end":{"line":115,"column":86}},"25":{"start":{"line":117,"column":29},"end":{"line":117,"column":92}},"26":{"start":{"line":119,"column":8},"end":{"line":122,"column":9}},"27":{"start":{"line":120,"column":10},"end":{"line":120,"column":69}},"28":{"start":{"line":121,"column":10},"end":{"line":121,"column":22}},"29":{"start":{"line":124,"column":8},"end":{"line":127,"column":9}},"30":{"start":{"line":125,"column":10},"end":{"line":125,"column":88}},"31":{"start":{"line":126,"column":10},"end":{"line":126,"column":72}},"32":{"start":{"line":126,"column":39},"end":{"line":126,"column":70}},"33":{"start":{"line":129,"column":8},"end":{"line":129,"column":70}},"34":{"start":{"line":131,"column":8},"end":{"line":133,"column":9}},"35":{"start":{"line":132,"column":10},"end":{"line":132,"column":72}},"36":{"start":{"line":132,"column":39},"end":{"line":132,"column":70}},"37":{"start":{"line":137,"column":4},"end":{"line":137,"column":81}},"38":{"start":{"line":138,"column":4},"end":{"line":138,"column":17}},"39":{"start":{"line":146,"column":4},"end":{"line":171,"column":5}},"40":{"start":{"line":147,"column":23},"end":{"line":157,"column":8}},"41":{"start":{"line":159,"column":19},"end":{"line":159,"column":40}},"42":{"start":{"line":161,"column":6},"end":{"line":167,"column":7}},"43":{"start":{"line":162,"column":8},"end":{"line":162,"column":69}},"44":{"start":{"line":163,"column":8},"end":{"line":163,"column":20}},"45":{"start":{"line":165,"column":8},"end":{"line":165,"column":80}},"46":{"start":{"line":166,"column":8},"end":{"line":166,"column":21}},"47":{"start":{"line":169,"column":6},"end":{"line":169,"column":71}},"48":{"start":{"line":170,"column":6},"end":{"line":170,"column":19}},"49":{"start":{"line":177,"column":4},"end":{"line":180,"column":8}},"50":{"start":{"line":182,"column":4},"end":{"line":185,"column":8}},"51":{"start":{"line":188,"column":4},"end":{"line":191,"column":7}},"52":{"start":{"line":195,"column":4},"end":{"line":195,"column":63}},"53":{"start":{"line":199,"column":0},"end":{"line":199,"column":43}}},"fnMap":{"0":{"name":"(anonymous_8)","decl":{"start":{"line":45,"column":2},"end":{"line":45,"column":8}},"loc":{"start":{"line":47,"column":25},"end":{"line":64,"column":3}}},"1":{"name":"(anonymous_9)","decl":{"start":{"line":67,"column":2},"end":{"line":67,"column":8}},"loc":{"start":{"line":67,"column":72},"end":{"line":102,"column":null}}},"2":{"name":"(anonymous_11)","decl":{"start":{"line":105,"column":2},"end":{"line":105,"column":8}},"loc":{"start":{"line":105,"column":41},"end":{"line":139,"column":null}}},"3":{"name":"(anonymous_12)","decl":{"start":{"line":106,"column":4},"end":{"line":106,"column":25}},"loc":{"start":{"line":109,"column":29},"end":{"line":139,"column":3}}},"4":{"name":"(anonymous_13)","decl":{"start":{"line":126,"column":28},"end":{"line":126,"column":35}},"loc":{"start":{"line":126,"column":39},"end":{"line":126,"column":70}}},"5":{"name":"(anonymous_14)","decl":{"start":{"line":132,"column":28},"end":{"line":132,"column":35}},"loc":{"start":{"line":132,"column":39},"end":{"line":132,"column":70}}},"6":{"name":"(anonymous_15)","decl":{"start":{"line":142,"column":2},"end":{"line":142,"column":8}},"loc":{"start":{"line":144,"column":21},"end":{"line":172,"column":null}}},"7":{"name":"(anonymous_17)","decl":{"start":{"line":175,"column":2},"end":{"line":175,"column":8}},"loc":{"start":{"line":175,"column":38},"end":{"line":192,"column":3}}},"8":{"name":"(anonymous_18)","decl":{"start":{"line":194,"column":2},"end":{"line":194,"column":8}},"loc":{"start":{"line":194,"column":40},"end":{"line":196,"column":3}}}},"branchMap":{"0":{"loc":{"start":{"line":62,"column":58},"end":{"line":62,"column":114}},"type":"cond-expr","locations":[{"start":{"line":62,"column":83},"end":{"line":62,"column":96}},{"start":{"line":62,"column":99},"end":{"line":62,"column":114}}]},"1":{"loc":{"start":{"line":81,"column":6},"end":{"line":94,"column":7}},"type":"if","locations":[{"start":{"line":81,"column":6},"end":{"line":94,"column":7}},{"start":{"line":89,"column":13},"end":{"line":94,"column":7}}]},"2":{"loc":{"start":{"line":87,"column":40},"end":{"line":87,"column":107}},"type":"binary-expr","locations":[{"start":{"line":87,"column":40},"end":{"line":87,"column":76}},{"start":{"line":87,"column":80},"end":{"line":87,"column":107}}]},"3":{"loc":{"start":{"line":92,"column":17},"end":{"line":92,"column":63}},"type":"binary-expr","locations":[{"start":{"line":92,"column":17},"end":{"line":92,"column":27}},{"start":{"line":92,"column":31},"end":{"line":92,"column":63}}]},"4":{"loc":{"start":{"line":99,"column":15},"end":{"line":99,"column":86}},"type":"cond-expr","locations":[{"start":{"line":99,"column":40},"end":{"line":99,"column":53}},{"start":{"line":99,"column":56},"end":{"line":99,"column":86}}]},"5":{"loc":{"start":{"line":108,"column":4},"end":{"line":108,"column":26}},"type":"default-arg","locations":[{"start":{"line":108,"column":25},"end":{"line":108,"column":26}}]},"6":{"loc":{"start":{"line":109,"column":4},"end":{"line":109,"column":29}},"type":"default-arg","locations":[{"start":{"line":109,"column":25},"end":{"line":109,"column":29}}]},"7":{"loc":{"start":{"line":119,"column":8},"end":{"line":122,"column":9}},"type":"if","locations":[{"start":{"line":119,"column":8},"end":{"line":122,"column":9}},{"start":{},"end":{}}]},"8":{"loc":{"start":{"line":124,"column":8},"end":{"line":127,"column":9}},"type":"if","locations":[{"start":{"line":124,"column":8},"end":{"line":127,"column":9}},{"start":{},"end":{}}]},"9":{"loc":{"start":{"line":131,"column":8},"end":{"line":133,"column":9}},"type":"if","locations":[{"start":{"line":131,"column":8},"end":{"line":133,"column":9}},{"start":{},"end":{}}]},"10":{"loc":{"start":{"line":161,"column":6},"end":{"line":167,"column":7}},"type":"if","locations":[{"start":{"line":161,"column":6},"end":{"line":167,"column":7}},{"start":{"line":164,"column":13},"end":{"line":167,"column":7}}]}},"s":{"0":0,"1":0,"2":0,"3":0,"4":0,"5":0,"6":0,"7":0,"8":0,"9":0,"10":0,"11":0,"12":0,"13":0,"14":0,"15":0,"16":0,"17":0,"18":0,"19":0,"20":0,"21":0,"22":0,"23":0,"24":0,"25":0,"26":0,"27":0,"28":0,"29":0,"30":0,"31":0,"32":0,"33":0,"34":0,"35":0,"36":0,"37":0,"38":0,"39":0,"40":0,"41":0,"42":0,"43":0,"44":0,"45":0,"46":0,"47":0,"48":0,"49":0,"50":0,"51":0,"52":0,"53":0},"f":{"0":0,"1":0,"2":0,"3":0,"4":0,"5":0,"6":0,"7":0,"8":0},"b":{"0":[0,0],"1":[0,0],"2":[0,0],"3":[0,0],"4":[0,0],"5":[0],"6":[0],"7":[0,0],"8":[0,0],"9":[0,0],"10":[0,0]}}
,"/home/limitlxx/limitlxx/egyptFi/services/paymasterService.ts": {"path":"/home/limitlxx/limitlxx/egyptFi/services/paymasterService.ts","statementMap":{"0":{"start":{"line":16,"column":0},"end":{"line":16,"column":22}},"1":{"start":{"line":1,"column":0},"end":{"line":1,"column":36}},"2":{"start":{"line":16,"column":41},"end":{"line":49,"column":null}},"3":{"start":{"line":23,"column":22},"end":{"line":26,"column":4}},"4":{"start":{"line":28,"column":2},"end":{"line":48,"column":3}},"5":{"start":{"line":29,"column":21},"end":{"line":32,"column":6}},"6":{"start":{"line":34,"column":4},"end":{"line":36,"column":5}},"7":{"start":{"line":35,"column":6},"end":{"line":35,"column":82}},"8":{"start":{"line":38,"column":17},"end":{"line":38,"column":38}},"9":{"start":{"line":40,"column":4},"end":{"line":40,"column":22}},"10":{"start":{"line":42,"column":4},"end":{"line":42,"column":16}},"11":{"start":{"line":44,"column":25},"end":{"line":44,"column":107}},"12":{"start":{"line":45,"column":4},"end":{"line":45,"column":30}},"13":{"start":{"line":46,"column":4},"end":{"line":46,"column":52}},"14":{"start":{"line":47,"column":4},"end":{"line":47,"column":16}}},"fnMap":{"0":{"name":"getSponsorActivity","decl":{"start":{"line":16,"column":22},"end":{"line":16,"column":40}},"loc":{"start":{"line":16,"column":40},"end":{"line":49,"column":null}}},"1":{"name":"(anonymous_9)","decl":{"start":{"line":16,"column":41},"end":{"line":16,"column":null}},"loc":{"start":{"line":22,"column":6},"end":{"line":49,"column":1}}}},"branchMap":{"0":{"loc":{"start":{"line":16,"column":41},"end":{"line":22,"column":6}},"type":"default-arg","locations":[{"start":{"line":22,"column":4},"end":{"line":22,"column":6}}]},"1":{"loc":{"start":{"line":17,"column":2},"end":{"line":17,"column":54}},"type":"default-arg","locations":[{"start":{"line":17,"column":11},"end":{"line":17,"column":54}}]},"2":{"loc":{"start":{"line":17,"column":11},"end":{"line":17,"column":54}},"type":"binary-expr","locations":[{"start":{"line":17,"column":11},"end":{"line":17,"column":48}},{"start":{"line":17,"column":52},"end":{"line":17,"column":54}}]},"3":{"loc":{"start":{"line":18,"column":2},"end":{"line":18,"column":86}},"type":"default-arg","locations":[{"start":{"line":18,"column":12},"end":{"line":18,"column":86}}]},"4":{"loc":{"start":{"line":18,"column":12},"end":{"line":18,"column":86}},"type":"binary-expr","locations":[{"start":{"line":18,"column":12},"end":{"line":18,"column":53}},{"start":{"line":18,"column":57},"end":{"line":18,"column":86}}]},"5":{"loc":{"start":{"line":34,"column":4},"end":{"line":36,"column":5}},"type":"if","locations":[{"start":{"line":34,"column":4},"end":{"line":36,"column":5}},{"start":{},"end":{}}]},"6":{"loc":{"start":{"line":44,"column":25},"end":{"line":44,"column":107}},"type":"cond-expr","locations":[{"start":{"line":44,"column":50},"end":{"line":44,"column":63}},{"start":{"line":44,"column":66},"end":{"line":44,"column":107}}]}},"s":{"0":0,"1":0,"2":0,"3":0,"4":0,"5":0,"6":0,"7":0,"8":0,"9":0,"10":0,"11":0,"12":0,"13":0,"14":0},"f":{"0":0,"1":0},"b":{"0":[0],"1":[0],"2":[0,0],"3":[0],"4":[0,0],"5":[0,0],"6":[0,0]}}
,"/home/limitlxx/limitlxx/egyptFi/services/withdrawalService.ts": {"path":"/home/limitlxx/limitlxx/egyptFi/services/withdrawalService.ts","statementMap":{"0":{"start":{"line":1,"column":0},"end":{"line":1,"column":47}},"1":{"start":{"line":19,"column":21},"end":{"line":19,"column":94}},"2":{"start":{"line":21,"column":4},"end":{"line":23,"column":5}},"3":{"start":{"line":22,"column":6},"end":{"line":22,"column":74}},"4":{"start":{"line":25,"column":4},"end":{"line":25,"column":27}},"5":{"start":{"line":29,"column":21},"end":{"line":29,"column":105}},"6":{"start":{"line":31,"column":4},"end":{"line":33,"column":5}},"7":{"start":{"line":32,"column":6},"end":{"line":32,"column":74}},"8":{"start":{"line":35,"column":4},"end":{"line":35,"column":27}},"9":{"start":{"line":39,"column":21},"end":{"line":43,"column":6}},"10":{"start":{"line":45,"column":4},"end":{"line":47,"column":5}},"11":{"start":{"line":46,"column":6},"end":{"line":46,"column":74}},"12":{"start":{"line":49,"column":27},"end":{"line":49,"column":48}},"13":{"start":{"line":50,"column":4},"end":{"line":50,"column":22}},"14":{"start":{"line":17,"column":0},"end":{"line":17,"column":13}}},"fnMap":{"0":{"name":"(anonymous_7)","decl":{"start":{"line":18,"column":2},"end":{"line":18,"column":8}},"loc":{"start":{"line":18,"column":29},"end":{"line":26,"column":null}}},"1":{"name":"(anonymous_9)","decl":{"start":{"line":28,"column":2},"end":{"line":28,"column":8}},"loc":{"start":{"line":28,"column":33},"end":{"line":36,"column":null}}},"2":{"name":"(anonymous_11)","decl":{"start":{"line":38,"column":2},"end":{"line":38,"column":8}},"loc":{"start":{"line":38,"column":67},"end":{"line":51,"column":null}}}},"branchMap":{"0":{"loc":{"start":{"line":21,"column":4},"end":{"line":23,"column":5}},"type":"if","locations":[{"start":{"line":21,"column":4},"end":{"line":23,"column":5}},{"start":{},"end":{}}]},"1":{"loc":{"start":{"line":31,"column":4},"end":{"line":33,"column":5}},"type":"if","locations":[{"start":{"line":31,"column":4},"end":{"line":33,"column":5}},{"start":{},"end":{}}]},"2":{"loc":{"start":{"line":45,"column":4},"end":{"line":47,"column":5}},"type":"if","locations":[{"start":{"line":45,"column":4},"end":{"line":47,"column":5}},{"start":{},"end":{}}]}},"s":{"0":0,"1":0,"2":0,"3":0,"4":0,"5":0,"6":0,"7":0,"8":0,"9":0,"10":0,"11":0,"12":0,"13":0,"14":0},"f":{"0":0,"1":0,"2":0},"b":{"0":[0,0],"1":[0,0],"2":[0,0]}}
,"/home/limitlxx/limitlxx/egyptFi/services/types/config.types.ts": {"path":"/home/limitlxx/limitlxx/egyptFi/services/types/config.types.ts","statementMap":{"0":{"start":{"line":37,"column":0},"end":{"line":37,"column":null}},"1":{"start":{"line":38,"column":2},"end":{"line":38,"column":null}},"2":{"start":{"line":39,"column":2},"end":{"line":39,"column":null}},"3":{"start":{"line":40,"column":2},"end":{"line":40,"column":null}},"4":{"start":{"line":41,"column":2},"end":{"line":41,"column":null}},"5":{"start":{"line":42,"column":2},"end":{"line":42,"column":null}},"6":{"start":{"line":43,"column":2},"end":{"line":43,"column":null}}},"fnMap":{"0":{"name":"(anonymous_0)","decl":{"start":{"line":37,"column":0},"end":{"line":37,"column":12}},"loc":{"start":{"line":37,"column":28},"end":{"line":44,"column":1}}}},"branchMap":{"0":{"loc":{"start":{"line":37,"column":12},"end":{"line":37,"column":null}},"type":"binary-expr","locations":[{"start":{"line":37,"column":12},"end":{"line":37,"column":28}},{"start":{"line":37,"column":28},"end":{"line":37,"column":null}}]}},"s":{"0":0,"1":0,"2":0,"3":0,"4":0,"5":0,"6":0},"f":{"0":0},"b":{"0":[0,0]}}
}
