TN:
SF:lib/auth-middleware.ts
FN:31,(anonymous_8)
FN:108,(anonymous_10)
FN:138,(anonymous_11)
FN:195,(anonymous_13)
FNF:4
FNH:0
FNDA:0,(anonymous_8)
FNDA:0,(anonymous_10)
FNDA:0,(anonymous_11)
FNDA:0,(anonymous_13)
DA:2,0
DA:3,0
DA:23,0
DA:24,0
DA:25,0
DA:27,0
DA:32,0
DA:33,0
DA:34,0
DA:41,0
DA:42,0
DA:48,0
DA:50,0
DA:51,0
DA:53,0
DA:70,0
DA:71,0
DA:77,0
DA:79,0
DA:94,0
DA:97,0
DA:98,0
DA:109,0
DA:110,0
DA:111,0
DA:113,0
DA:115,0
DA:119,0
DA:122,0
DA:123,0
DA:130,0
DA:131,0
DA:132,0
DA:139,0
DA:140,0
DA:142,0
DA:143,0
DA:153,0
DA:155,0
DA:156,0
DA:166,0
DA:167,0
DA:168,0
DA:178,0
DA:181,0
DA:182,0
DA:196,0
LF:47
LH:0
BRDA:33,0,0,0
BRDA:33,0,1,0
BRDA:41,1,0,0
BRDA:41,1,1,0
BRDA:41,2,0,0
BRDA:41,2,1,0
BRDA:48,3,0,0
BRDA:48,3,1,0
BRDA:70,4,0,0
BRDA:70,4,1,0
BRDA:113,5,0,0
BRDA:113,5,1,0
BRDA:113,6,0,0
BRDA:113,6,1,0
BRDA:122,7,0,0
BRDA:122,7,1,0
BRDA:142,8,0,0
BRDA:142,8,1,0
BRDA:155,9,0,0
BRDA:155,9,1,0
BRDA:155,10,0,0
BRDA:155,10,1,0
BRDA:159,11,0,0
BRDA:159,11,1,0
BRDA:167,12,0,0
BRDA:167,12,1,0
BRF:26
BRH:0
end_of_record
TN:
SF:lib/chipipay-auth.ts
FN:31,(anonymous_8)
FN:35,(anonymous_9)
FN:43,(anonymous_10)
FN:53,(anonymous_11)
FN:65,(anonymous_12)
FN:72,(anonymous_13)
FN:139,(anonymous_15)
FN:182,(anonymous_17)
FN:211,(anonymous_19)
FN:219,(anonymous_20)
FN:239,(anonymous_21)
FN:258,(anonymous_22)
FNF:12
FNH:0
FNDA:0,(anonymous_8)
FNDA:0,(anonymous_9)
FNDA:0,(anonymous_10)
FNDA:0,(anonymous_11)
FNDA:0,(anonymous_12)
FNDA:0,(anonymous_13)
FNDA:0,(anonymous_15)
FNDA:0,(anonymous_17)
FNDA:0,(anonymous_19)
FNDA:0,(anonymous_20)
FNDA:0,(anonymous_21)
FNDA:0,(anonymous_22)
DA:2,0
DA:3,0
DA:19,0
DA:20,0
DA:21,0
DA:23,0
DA:24,0
DA:26,0
DA:32,0
DA:33,0
DA:35,0
DA:36,0
DA:44,0
DA:45,0
DA:46,0
DA:54,0
DA:55,0
DA:56,0
DA:57,0
DA:66,0
DA:76,0
DA:78,0
DA:79,0
DA:80,0
DA:87,0
DA:88,0
DA:89,0
DA:96,0
DA:97,0
DA:99,0
DA:111,0
DA:113,0
DA:121,0
DA:128,0
DA:129,0
DA:143,0
DA:144,0
DA:145,0
DA:148,0
DA:149,0
DA:157,0
DA:159,0
DA:161,0
DA:168,0
DA:171,0
DA:172,0
DA:186,0
DA:187,0
DA:189,0
DA:190,0
DA:194,0
DA:195,0
DA:197,0
DA:198,0
DA:201,0
DA:212,0
DA:213,0
DA:220,0
DA:221,0
DA:222,0
DA:224,0
DA:229,0
DA:240,0
DA:241,0
DA:242,0
DA:243,0
DA:247,0
DA:249,0
DA:259,0
DA:264,0
DA:265,0
LF:71
LH:0
BRDA:32,0,0,0
BRDA:32,0,1,0
BRDA:44,1,0,0
BRDA:44,1,1,0
BRDA:56,2,0,0
BRDA:56,2,1,0
BRDA:79,3,0,0
BRDA:79,3,1,0
BRDA:88,4,0,0
BRDA:88,4,1,0
BRDA:88,5,0,0
BRDA:88,5,1,0
BRDA:111,6,0,0
BRDA:111,6,1,0
BRDA:148,7,0,0
BRDA:148,7,1,0
BRDA:148,8,0,0
BRDA:148,8,1,0
BRDA:159,9,0,0
BRDA:159,9,1,0
BRDA:159,10,0,0
BRDA:159,10,1,0
BRDA:159,10,2,0
BRDA:189,11,0,0
BRDA:189,11,1,0
BRDA:195,12,0,0
BRDA:195,12,1,0
BRDA:221,13,0,0
BRDA:221,13,1,0
BRDA:231,14,0,0
BRDA:231,14,1,0
BRDA:242,15,0,0
BRDA:242,15,1,0
BRDA:250,16,0,0
BRDA:250,16,1,0
BRDA:264,17,0,0
BRDA:264,17,1,0
BRF:37
BRH:0
end_of_record
TN:
SF:lib/wallet-crypto.ts
FN:32,(anonymous_8)
FN:39,(anonymous_9)
FN:46,(anonymous_10)
FN:74,(anonymous_11)
FN:106,(anonymous_12)
FN:125,(anonymous_13)
FN:140,(anonymous_14)
FN:147,(anonymous_15)
FN:234,(anonymous_17)
FN:246,(anonymous_18)
FNF:10
FNH:0
FNDA:0,(anonymous_8)
FNDA:0,(anonymous_9)
FNDA:0,(anonymous_10)
FNDA:0,(anonymous_11)
FNDA:0,(anonymous_12)
FNDA:0,(anonymous_13)
FNDA:0,(anonymous_14)
FNDA:0,(anonymous_15)
FNDA:0,(anonymous_17)
FNDA:0,(anonymous_18)
DA:2,0
DA:3,0
DA:19,0
DA:20,0
DA:21,0
DA:23,0
DA:24,0
DA:25,0
DA:26,0
DA:27,0
DA:33,0
DA:40,0
DA:47,0
DA:48,0
DA:49,0
DA:50,0
DA:52,0
DA:54,0
DA:55,0
DA:58,0
DA:64,0
DA:66,0
DA:67,0
DA:75,0
DA:76,0
DA:79,0
DA:80,0
DA:81,0
DA:83,0
DA:85,0
DA:87,0
DA:88,0
DA:90,0
DA:95,0
DA:96,0
DA:107,0
DA:108,0
DA:110,0
DA:111,0
DA:115,0
DA:116,0
DA:119,0
DA:126,0
DA:127,0
DA:129,0
DA:130,0
DA:133,0
DA:134,0
DA:141,0
DA:151,0
DA:153,0
DA:154,0
DA:155,0
DA:156,0
DA:158,0
DA:165,0
DA:166,0
DA:167,0
DA:175,0
DA:176,0
DA:177,0
DA:182,0
DA:183,0
DA:189,0
DA:190,0
DA:191,0
DA:198,0
DA:200,0
DA:202,0
DA:204,0
DA:210,0
DA:212,0
DA:220,0
DA:223,0
DA:224,0
DA:235,0
DA:236,0
DA:238,0
DA:240,0
DA:247,0
LF:80
LH:0
BRDA:108,0,0,0
BRDA:108,0,1,0
BRDA:110,1,0,0
BRDA:110,1,1,0
BRDA:110,2,0,0
BRDA:110,2,1,0
BRDA:115,3,0,0
BRDA:115,3,1,0
BRDA:115,4,0,0
BRDA:115,4,1,0
BRDA:126,5,0,0
BRDA:126,5,1,0
BRDA:129,6,0,0
BRDA:129,6,1,0
BRDA:153,7,0,0
BRDA:153,7,1,0
BRDA:155,8,0,0
BRDA:155,8,1,0
BRDA:155,9,0,0
BRDA:155,9,1,0
BRDA:155,10,0,0
BRDA:155,10,1,0
BRDA:165,11,0,0
BRDA:165,11,1,0
BRDA:170,12,0,0
BRDA:170,12,1,0
BRDA:170,13,0,0
BRDA:170,13,1,0
BRDA:170,14,0,0
BRDA:170,14,1,0
BRDA:182,15,0,0
BRDA:182,15,1,0
BRDA:190,16,0,0
BRDA:190,16,1,0
BRDA:200,17,0,0
BRDA:200,17,1,0
BRDA:236,18,0,0
BRDA:236,18,1,0
BRDA:238,19,0,0
BRDA:238,19,1,0
BRF:40
BRH:0
end_of_record
TN:
SF:services/WithdrawService.ts
FN:20,(anonymous_8)
FN:20,(anonymous_9)
FNF:2
FNH:0
FNDA:0,(anonymous_8)
FNDA:0,(anonymous_9)
DA:1,0
DA:5,0
DA:6,0
DA:19,0
DA:20,0
DA:33,0
DA:34,0
DA:37,0
DA:38,0
DA:39,0
DA:43,0
DA:44,0
DA:45,0
DA:46,0
DA:47,0
DA:48,0
DA:51,0
DA:53,0
DA:54,0
DA:56,0
DA:57,0
DA:61,0
DA:77,0
DA:78,0
DA:79,0
DA:82,0
DA:83,0
DA:94,0
DA:95,0
LF:29
LH:0
BRDA:33,0,0,0
BRDA:33,0,1,0
BRDA:33,1,0,0
BRDA:33,1,1,0
BRDA:38,2,0,0
BRDA:38,2,1,0
BRDA:46,3,0,0
BRDA:46,3,1,0
BRDA:46,4,0,0
BRDA:46,4,1,0
BRDA:46,5,0,0
BRDA:46,5,1,0
BRDA:46,6,0,0
BRDA:46,6,1,0
BRDA:47,7,0,0
BRDA:47,7,1,0
BRDA:54,8,0,0
BRDA:54,8,1,0
BRDA:54,9,0,0
BRDA:54,9,1,0
BRDA:56,10,0,0
BRDA:56,10,1,0
BRDA:77,11,0,0
BRDA:77,11,1,0
BRDA:79,12,0,0
BRDA:79,12,1,0
BRF:26
BRH:0
end_of_record
TN:
SF:services/chipipayConfigService.ts
FN:15,(anonymous_8)
FN:27,(anonymous_9)
FN:34,(anonymous_10)
FN:47,(anonymous_11)
FN:86,(anonymous_13)
FN:154,(anonymous_14)
FN:161,(anonymous_15)
FN:182,(anonymous_16)
FN:195,(anonymous_17)
FN:218,(anonymous_18)
FN:243,(anonymous_20)
FN:254,(anonymous_21)
FNF:12
FNH:0
FNDA:0,(anonymous_8)
FNDA:0,(anonymous_9)
FNDA:0,(anonymous_10)
FNDA:0,(anonymous_11)
FNDA:0,(anonymous_13)
FNDA:0,(anonymous_14)
FNDA:0,(anonymous_15)
FNDA:0,(anonymous_16)
FNDA:0,(anonymous_17)
FNDA:0,(anonymous_18)
FNDA:0,(anonymous_20)
FNDA:0,(anonymous_21)
DA:1,0
DA:11,0
DA:13,0
DA:16,0
DA:17,0
DA:19,0
DA:20,0
DA:28,0
DA:35,0
DA:36,0
DA:39,0
DA:48,0
DA:49,0
DA:50,0
DA:53,0
DA:54,0
DA:56,0
DA:64,0
DA:70,0
DA:76,0
DA:78,0
DA:79,0
DA:87,0
DA:90,0
DA:91,0
DA:97,0
DA:98,0
DA:104,0
DA:105,0
DA:112,0
DA:113,0
DA:119,0
DA:120,0
DA:126,0
DA:127,0
DA:134,0
DA:135,0
DA:141,0
DA:142,0
DA:148,0
DA:155,0
DA:162,0
DA:183,0
DA:184,0
DA:186,0
DA:196,0
DA:219,0
DA:220,0
DA:222,0
DA:229,0
DA:230,0
DA:233,0
DA:235,0
DA:236,0
DA:244,0
DA:255,0
DA:266,0
DA:269,0
DA:270,0
DA:271,0
LF:60
LH:0
BRDA:19,0,0,0
BRDA:19,0,1,0
BRDA:35,1,0,0
BRDA:35,1,1,0
BRDA:35,2,0,0
BRDA:35,2,1,0
BRDA:49,3,0,0
BRDA:49,3,1,0
BRDA:90,4,0,0
BRDA:90,4,1,0
BRDA:97,5,0,0
BRDA:97,5,1,0
BRDA:104,6,0,0
BRDA:104,6,1,0
BRDA:112,7,0,0
BRDA:112,7,1,0
BRDA:119,8,0,0
BRDA:119,8,1,0
BRDA:126,9,0,0
BRDA:126,9,1,0
BRDA:134,10,0,0
BRDA:134,10,1,0
BRDA:141,11,0,0
BRDA:141,11,1,0
BRDA:164,12,0,0
BRDA:164,12,1,0
BRDA:164,12,2,0
BRDA:165,13,0,0
BRDA:165,13,1,0
BRDA:165,13,2,0
BRDA:166,14,0,0
BRDA:166,14,1,0
BRDA:166,14,2,0
BRDA:169,15,0,0
BRDA:169,15,1,0
BRDA:169,15,2,0
BRDA:170,16,0,0
BRDA:170,16,1,0
BRDA:170,16,2,0
BRDA:171,17,0,0
BRDA:171,17,1,0
BRDA:171,17,2,0
BRDA:173,18,0,0
BRDA:173,18,1,0
BRDA:174,19,0,0
BRDA:174,19,1,0
BRDA:175,20,0,0
BRDA:175,20,1,0
BRDA:198,21,0,0
BRDA:198,21,1,0
BRDA:201,22,0,0
BRDA:201,22,1,0
BRDA:202,23,0,0
BRDA:202,23,1,0
BRDA:203,24,0,0
BRDA:203,24,1,0
BRDA:206,25,0,0
BRDA:206,25,1,0
BRDA:207,26,0,0
BRDA:207,26,1,0
BRDA:208,27,0,0
BRDA:208,27,1,0
BRDA:229,28,0,0
BRDA:229,28,1,0
BRDA:269,29,0,0
BRDA:269,29,1,0
BRF:66
BRH:0
end_of_record
TN:
SF:services/invoiceService.ts
FN:24,(anonymous_7)
FN:34,(anonymous_9)
FN:49,(anonymous_11)
FNF:3
FNH:0
FNDA:0,(anonymous_7)
FNDA:0,(anonymous_9)
FNDA:0,(anonymous_11)
DA:1,0
DA:23,0
DA:25,0
DA:27,0
DA:28,0
DA:31,0
DA:35,0
DA:41,0
DA:42,0
DA:45,0
DA:46,0
DA:50,0
DA:56,0
DA:57,0
DA:60,0
DA:61,0
LF:16
LH:0
BRDA:27,0,0,0
BRDA:27,0,1,0
BRDA:41,1,0,0
BRDA:41,1,1,0
BRDA:56,2,0,0
BRDA:56,2,1,0
BRF:6
BRH:0
end_of_record
TN:
SF:services/merchantRegistrationService.ts
FN:45,(anonymous_8)
FN:67,(anonymous_9)
FN:105,(anonymous_11)
FN:106,(anonymous_12)
FN:126,(anonymous_13)
FN:132,(anonymous_14)
FN:142,(anonymous_15)
FN:175,(anonymous_17)
FN:194,(anonymous_18)
FNF:9
FNH:0
FNDA:0,(anonymous_8)
FNDA:0,(anonymous_9)
FNDA:0,(anonymous_11)
FNDA:0,(anonymous_12)
FNDA:0,(anonymous_13)
FNDA:0,(anonymous_14)
FNDA:0,(anonymous_15)
FNDA:0,(anonymous_17)
FNDA:0,(anonymous_18)
DA:2,0
DA:3,0
DA:49,0
DA:50,0
DA:51,0
DA:52,0
DA:53,0
DA:55,0
DA:62,0
DA:68,0
DA:69,0
DA:71,0
DA:79,0
DA:81,0
DA:82,0
DA:83,0
DA:90,0
DA:96,0
DA:97,0
DA:106,0
DA:111,0
DA:113,0
DA:114,0
DA:115,0
DA:117,0
DA:119,0
DA:120,0
DA:121,0
DA:124,0
DA:125,0
DA:126,0
DA:129,0
DA:131,0
DA:132,0
DA:137,0
DA:138,0
DA:146,0
DA:147,0
DA:159,0
DA:161,0
DA:162,0
DA:163,0
DA:165,0
DA:166,0
DA:169,0
DA:170,0
DA:177,0
DA:182,0
DA:188,0
DA:195,0
DA:199,0
LF:51
LH:0
BRDA:62,0,0,0
BRDA:62,0,1,0
BRDA:81,1,0,0
BRDA:81,1,1,0
BRDA:87,2,0,0
BRDA:87,2,1,0
BRDA:92,3,0,0
BRDA:92,3,1,0
BRDA:99,4,0,0
BRDA:99,4,1,0
BRDA:108,5,0,0
BRDA:109,6,0,0
BRDA:119,7,0,0
BRDA:119,7,1,0
BRDA:124,8,0,0
BRDA:124,8,1,0
BRDA:131,9,0,0
BRDA:131,9,1,0
BRDA:161,10,0,0
BRDA:161,10,1,0
BRF:20
BRH:0
end_of_record
TN:
SF:services/paymasterService.ts
FN:16,getSponsorActivity
FN:16,(anonymous_9)
FNF:2
FNH:0
FNDA:0,getSponsorActivity
FNDA:0,(anonymous_9)
DA:1,0
DA:16,0
DA:23,0
DA:28,0
DA:29,0
DA:34,0
DA:35,0
DA:38,0
DA:40,0
DA:42,0
DA:44,0
DA:45,0
DA:46,0
DA:47,0
LF:14
LH:0
BRDA:16,0,0,0
BRDA:17,1,0,0
BRDA:17,2,0,0
BRDA:17,2,1,0
BRDA:18,3,0,0
BRDA:18,4,0,0
BRDA:18,4,1,0
BRDA:34,5,0,0
BRDA:34,5,1,0
BRDA:44,6,0,0
BRDA:44,6,1,0
BRF:11
BRH:0
end_of_record
TN:
SF:services/withdrawalService.ts
FN:18,(anonymous_7)
FN:28,(anonymous_9)
FN:38,(anonymous_11)
FNF:3
FNH:0
FNDA:0,(anonymous_7)
FNDA:0,(anonymous_9)
FNDA:0,(anonymous_11)
DA:1,0
DA:17,0
DA:19,0
DA:21,0
DA:22,0
DA:25,0
DA:29,0
DA:31,0
DA:32,0
DA:35,0
DA:39,0
DA:45,0
DA:46,0
DA:49,0
DA:50,0
LF:15
LH:0
BRDA:21,0,0,0
BRDA:21,0,1,0
BRDA:31,1,0,0
BRDA:31,1,1,0
BRDA:45,2,0,0
BRDA:45,2,1,0
BRF:6
BRH:0
end_of_record
TN:
SF:services/types/config.types.ts
FN:37,(anonymous_0)
FNF:1
FNH:0
FNDA:0,(anonymous_0)
DA:37,0
DA:38,0
DA:39,0
DA:40,0
DA:41,0
DA:42,0
DA:43,0
LF:7
LH:0
BRDA:37,0,0,0
BRDA:37,0,1,0
BRF:2
BRH:0
end_of_record
